2022-01-28 09:15:44.865 +08:00 [INF] application start
2022-01-28 09:15:53.896 +08:00 [INF] User profile is available. Using 'C:\Users\27641\AppData\Local\ASP.NET\DataProtection-Keys' as key repository and Windows DPAPI to encrypt keys at rest.
2022-01-28 09:15:54.186 +08:00 [INF] Creating key {67dab296-efe8-4fe8-8e40-3f8dcb138ea3} with creation date 2022-01-28 01:15:54Z, activation date 2022-01-28 01:15:54Z, and expiration date 2022-04-28 01:15:54Z.
2022-01-28 09:15:54.278 +08:00 [INF] Writing data to file 'C:\Users\27641\AppData\Local\ASP.NET\DataProtection-Keys\key-67dab296-efe8-4fe8-8e40-3f8dcb138ea3.xml'.
2022-01-28 09:15:56.344 +08:00 [INF] Now listening on: http://[::]:5000
2022-01-28 09:15:56.346 +08:00 [INF] Application started. Press Ctrl+C to shut down.
2022-01-28 09:15:56.403 +08:00 [INF] Hosting environment: Development
2022-01-28 09:15:56.429 +08:00 [INF] Content root path: D:\27641\Documents\pan\pan\pan.web
2022-01-28 09:16:43.009 +08:00 [INF] Request starting HTTP/1.1 GET http://localhost:5000/swagger/ - -
2022-01-28 09:16:43.303 +08:00 [INF] Request finished HTTP/1.1 GET http://localhost:5000/swagger/ - - - 301 0 - 294.6203ms
2022-01-28 09:16:43.378 +08:00 [INF] Request starting HTTP/1.1 GET http://localhost:5000/swagger/index.html - -
2022-01-28 09:16:43.444 +08:00 [INF] Request finished HTTP/1.1 GET http://localhost:5000/swagger/index.html - - - 200 - text/html;charset=utf-8 66.4409ms
2022-01-28 09:16:43.527 +08:00 [INF] Request starting HTTP/1.1 GET http://localhost:5000/swagger/swagger-ui.css - -
2022-01-28 09:16:43.601 +08:00 [INF] Request starting HTTP/1.1 GET http://localhost:5000/swagger/swagger-ui-bundle.js - -
2022-01-28 09:16:43.601 +08:00 [INF] Request starting HTTP/1.1 GET http://localhost:5000/swagger/swagger-ui-standalone-preset.js - -
2022-01-28 09:16:43.734 +08:00 [INF] Sending file. Request path: '/swagger-ui.css'. Physical path: 'N/A'
2022-01-28 09:16:43.740 +08:00 [INF] Sending file. Request path: '/swagger-ui-standalone-preset.js'. Physical path: 'N/A'
2022-01-28 09:16:43.749 +08:00 [INF] Request finished HTTP/1.1 GET http://localhost:5000/swagger/swagger-ui-standalone-preset.js - - - 200 337162 application/javascript 147.6662ms
2022-01-28 09:16:43.749 +08:00 [INF] Sending file. Request path: '/swagger-ui-bundle.js'. Physical path: 'N/A'
2022-01-28 09:16:43.746 +08:00 [INF] Request finished HTTP/1.1 GET http://localhost:5000/swagger/swagger-ui.css - - - 200 143632 text/css 218.9434ms
2022-01-28 09:16:43.751 +08:00 [INF] Request finished HTTP/1.1 GET http://localhost:5000/swagger/swagger-ui-bundle.js - - - 200 1092889 application/javascript 149.5278ms
2022-01-28 09:16:44.078 +08:00 [INF] Request starting HTTP/1.1 GET http://localhost:5000/swagger/favicon-32x32.png - -
2022-01-28 09:16:44.080 +08:00 [INF] Request starting HTTP/1.1 GET http://localhost:5000/swagger/v1/swagger.json - -
2022-01-28 09:16:44.082 +08:00 [INF] Sending file. Request path: '/favicon-32x32.png'. Physical path: 'N/A'
2022-01-28 09:16:44.085 +08:00 [INF] Request finished HTTP/1.1 GET http://localhost:5000/swagger/favicon-32x32.png - - - 200 628 image/png 7.6350ms
2022-01-28 09:16:44.938 +08:00 [INF] Request finished HTTP/1.1 GET http://localhost:5000/swagger/v1/swagger.json - - - 200 - application/json;charset=utf-8 859.4357ms
2022-01-28 09:16:50.253 +08:00 [INF] Request starting HTTP/1.1 GET http://localhost:5000/api/Post/GetAll - -
2022-01-28 09:16:50.644 +08:00 [INF] Executing endpoint 'pan.web.Controllers.PostController.GetAll (pan.web)'
2022-01-28 09:16:50.685 +08:00 [INF] Route matched with {action = "GetAll", controller = "Post"}. Executing controller action with signature System.Threading.Tasks.Task`1[Microsoft.AspNetCore.Mvc.IActionResult] GetAll(Pan.Domain.Handler.Post.PostRequest) on controller pan.web.Controllers.PostController (pan.web).
2022-01-28 09:17:17.579 +08:00 [INF] ----- 开始事务 "789de3ae-79d7-4fe4-808b-853d039fc2bc" ()
2022-01-28 09:17:18.845 +08:00 [INF] ----- 提交事务 "789de3ae-79d7-4fe4-808b-853d039fc2bc" 
2022-01-28 09:17:18.905 +08:00 [INF] Executing JsonResult, writing value of type 'Pan.Domain.Model.Common.ResponseValue`1[[Pan.Domain.Model.Common.PagedResultDto`1[[Pan.Domain.Handler.Post.PostItmes, Pan.Domain, Version=1.0.0.0, Culture=neutral, PublicKeyToken=null]], Pan.Domain, Version=1.0.0.0, Culture=neutral, PublicKeyToken=null]]'.
2022-01-28 09:17:19.088 +08:00 [INF] Executed action pan.web.Controllers.PostController.GetAll (pan.web) in 28395.0292ms
2022-01-28 09:17:19.097 +08:00 [INF] Executed endpoint 'pan.web.Controllers.PostController.GetAll (pan.web)'
2022-01-28 09:17:19.143 +08:00 [INF] Request finished HTTP/1.1 GET http://localhost:5000/api/Post/GetAll - - - 200 - application/json;+charset=utf-8 28890.7750ms
2022-01-28 09:17:22.523 +08:00 [INF] Request starting HTTP/1.1 GET http://localhost:5000/api/Post/GetAll - -
2022-01-28 09:17:22.527 +08:00 [INF] Executing endpoint 'pan.web.Controllers.PostController.GetAll (pan.web)'
2022-01-28 09:17:22.541 +08:00 [INF] Route matched with {action = "GetAll", controller = "Post"}. Executing controller action with signature System.Threading.Tasks.Task`1[Microsoft.AspNetCore.Mvc.IActionResult] GetAll(Pan.Domain.Handler.Post.PostRequest) on controller pan.web.Controllers.PostController (pan.web).
2022-01-28 09:17:22.625 +08:00 [INF] ----- 开始事务 "d205b9e3-4b21-49c4-a5a2-af82685114d5" ()
2022-01-28 09:17:22.796 +08:00 [INF] ----- 提交事务 "d205b9e3-4b21-49c4-a5a2-af82685114d5" 
2022-01-28 09:17:22.817 +08:00 [INF] Executing JsonResult, writing value of type 'Pan.Domain.Model.Common.ResponseValue`1[[Pan.Domain.Model.Common.PagedResultDto`1[[Pan.Domain.Handler.Post.PostItmes, Pan.Domain, Version=1.0.0.0, Culture=neutral, PublicKeyToken=null]], Pan.Domain, Version=1.0.0.0, Culture=neutral, PublicKeyToken=null]]'.
2022-01-28 09:17:22.826 +08:00 [INF] Executed action pan.web.Controllers.PostController.GetAll (pan.web) in 274.9014ms
2022-01-28 09:17:22.828 +08:00 [INF] Executed endpoint 'pan.web.Controllers.PostController.GetAll (pan.web)'
2022-01-28 09:17:22.831 +08:00 [INF] Request finished HTTP/1.1 GET http://localhost:5000/api/Post/GetAll - - - 200 - application/json;+charset=utf-8 307.5719ms
2022-01-28 09:17:25.535 +08:00 [INF] Request starting HTTP/1.1 GET http://localhost:5000/api/Post/GetAll - -
2022-01-28 09:17:25.539 +08:00 [INF] Executing endpoint 'pan.web.Controllers.PostController.GetAll (pan.web)'
2022-01-28 09:17:25.543 +08:00 [INF] Route matched with {action = "GetAll", controller = "Post"}. Executing controller action with signature System.Threading.Tasks.Task`1[Microsoft.AspNetCore.Mvc.IActionResult] GetAll(Pan.Domain.Handler.Post.PostRequest) on controller pan.web.Controllers.PostController (pan.web).
2022-01-28 09:17:25.663 +08:00 [INF] ----- 开始事务 "fbd5b0d6-8aa4-4510-b39b-7f0855d30c68" ()
2022-01-28 09:17:25.821 +08:00 [INF] ----- 提交事务 "fbd5b0d6-8aa4-4510-b39b-7f0855d30c68" 
2022-01-28 09:17:25.844 +08:00 [INF] Executing JsonResult, writing value of type 'Pan.Domain.Model.Common.ResponseValue`1[[Pan.Domain.Model.Common.PagedResultDto`1[[Pan.Domain.Handler.Post.PostItmes, Pan.Domain, Version=1.0.0.0, Culture=neutral, PublicKeyToken=null]], Pan.Domain, Version=1.0.0.0, Culture=neutral, PublicKeyToken=null]]'.
2022-01-28 09:17:25.853 +08:00 [INF] Executed action pan.web.Controllers.PostController.GetAll (pan.web) in 299.8581ms
2022-01-28 09:17:25.855 +08:00 [INF] Executed endpoint 'pan.web.Controllers.PostController.GetAll (pan.web)'
2022-01-28 09:17:25.861 +08:00 [INF] Request finished HTTP/1.1 GET http://localhost:5000/api/Post/GetAll - - - 200 - application/json;+charset=utf-8 325.5961ms
2022-01-28 09:17:26.608 +08:00 [INF] Request starting HTTP/1.1 GET http://localhost:5000/api/Post/GetAll - -
2022-01-28 09:17:26.612 +08:00 [INF] Executing endpoint 'pan.web.Controllers.PostController.GetAll (pan.web)'
2022-01-28 09:17:26.616 +08:00 [INF] Route matched with {action = "GetAll", controller = "Post"}. Executing controller action with signature System.Threading.Tasks.Task`1[Microsoft.AspNetCore.Mvc.IActionResult] GetAll(Pan.Domain.Handler.Post.PostRequest) on controller pan.web.Controllers.PostController (pan.web).
2022-01-28 09:17:26.687 +08:00 [INF] ----- 开始事务 "1a2299a2-9530-4ac8-82ce-30bc28ee0890" ()
2022-01-28 09:17:26.851 +08:00 [INF] ----- 提交事务 "1a2299a2-9530-4ac8-82ce-30bc28ee0890" 
2022-01-28 09:17:26.872 +08:00 [INF] Executing JsonResult, writing value of type 'Pan.Domain.Model.Common.ResponseValue`1[[Pan.Domain.Model.Common.PagedResultDto`1[[Pan.Domain.Handler.Post.PostItmes, Pan.Domain, Version=1.0.0.0, Culture=neutral, PublicKeyToken=null]], Pan.Domain, Version=1.0.0.0, Culture=neutral, PublicKeyToken=null]]'.
2022-01-28 09:17:26.924 +08:00 [INF] Executed action pan.web.Controllers.PostController.GetAll (pan.web) in 300.2293ms
2022-01-28 09:17:26.925 +08:00 [INF] Executed endpoint 'pan.web.Controllers.PostController.GetAll (pan.web)'
2022-01-28 09:17:26.927 +08:00 [INF] Request finished HTTP/1.1 GET http://localhost:5000/api/Post/GetAll - - - 200 - application/json;+charset=utf-8 319.6361ms
2022-01-28 09:17:27.439 +08:00 [INF] Request starting HTTP/1.1 GET http://localhost:5000/api/Post/GetAll - -
2022-01-28 09:17:27.444 +08:00 [INF] Executing endpoint 'pan.web.Controllers.PostController.GetAll (pan.web)'
2022-01-28 09:17:27.448 +08:00 [INF] Route matched with {action = "GetAll", controller = "Post"}. Executing controller action with signature System.Threading.Tasks.Task`1[Microsoft.AspNetCore.Mvc.IActionResult] GetAll(Pan.Domain.Handler.Post.PostRequest) on controller pan.web.Controllers.PostController (pan.web).
2022-01-28 09:17:27.518 +08:00 [INF] ----- 开始事务 "ec1e8858-12d6-4da8-a82c-39b93b396251" ()
2022-01-28 09:17:27.683 +08:00 [INF] ----- 提交事务 "ec1e8858-12d6-4da8-a82c-39b93b396251" 
2022-01-28 09:17:27.706 +08:00 [INF] Executing JsonResult, writing value of type 'Pan.Domain.Model.Common.ResponseValue`1[[Pan.Domain.Model.Common.PagedResultDto`1[[Pan.Domain.Handler.Post.PostItmes, Pan.Domain, Version=1.0.0.0, Culture=neutral, PublicKeyToken=null]], Pan.Domain, Version=1.0.0.0, Culture=neutral, PublicKeyToken=null]]'.
2022-01-28 09:17:27.719 +08:00 [INF] Executed action pan.web.Controllers.PostController.GetAll (pan.web) in 265.4446ms
2022-01-28 09:17:27.720 +08:00 [INF] Executed endpoint 'pan.web.Controllers.PostController.GetAll (pan.web)'
2022-01-28 09:17:27.725 +08:00 [INF] Request finished HTTP/1.1 GET http://localhost:5000/api/Post/GetAll - - - 200 - application/json;+charset=utf-8 286.3010ms
2022-01-28 09:17:33.437 +08:00 [INF] Application is shutting down...
2022-01-28 09:17:41.956 +08:00 [INF] application start
2022-01-28 09:17:50.228 +08:00 [INF] User profile is available. Using 'C:\Users\27641\AppData\Local\ASP.NET\DataProtection-Keys' as key repository and Windows DPAPI to encrypt keys at rest.
2022-01-28 09:17:52.303 +08:00 [INF] Now listening on: http://[::]:5000
2022-01-28 09:17:52.306 +08:00 [INF] Application started. Press Ctrl+C to shut down.
2022-01-28 09:17:52.307 +08:00 [INF] Hosting environment: Development
2022-01-28 09:17:52.308 +08:00 [INF] Content root path: D:\27641\Documents\pan\pan\pan.web
2022-01-28 09:18:07.927 +08:00 [INF] Request starting HTTP/1.1 GET http://localhost:5000/api/Post/GetAll - -
2022-01-28 09:18:08.616 +08:00 [INF] Executing endpoint 'pan.web.Controllers.PostController.GetAll (pan.web)'
2022-01-28 09:18:08.662 +08:00 [INF] Route matched with {action = "GetAll", controller = "Post"}. Executing controller action with signature System.Threading.Tasks.Task`1[Microsoft.AspNetCore.Mvc.IActionResult] GetAll(Pan.Domain.Handler.Post.PostRequest) on controller pan.web.Controllers.PostController (pan.web).
2022-01-28 09:18:10.686 +08:00 [INF] ----- 开始事务 "5bf3daaa-8cda-4cc8-8aa5-2378c23ec192" ()
2022-01-28 09:18:11.818 +08:00 [INF] ----- 提交事务 "5bf3daaa-8cda-4cc8-8aa5-2378c23ec192" 
2022-01-28 09:18:11.880 +08:00 [INF] Executing JsonResult, writing value of type 'Pan.Domain.Model.Common.ResponseValue`1[[Pan.Domain.Model.Common.PagedResultDto`1[[Pan.Domain.Handler.Post.PostItmes, Pan.Domain, Version=1.0.0.0, Culture=neutral, PublicKeyToken=null]], Pan.Domain, Version=1.0.0.0, Culture=neutral, PublicKeyToken=null]]'.
2022-01-28 09:18:12.287 +08:00 [INF] Executed action pan.web.Controllers.PostController.GetAll (pan.web) in 3616.1556ms
2022-01-28 09:18:12.294 +08:00 [INF] Executed endpoint 'pan.web.Controllers.PostController.GetAll (pan.web)'
2022-01-28 09:18:12.308 +08:00 [INF] Request finished HTTP/1.1 GET http://localhost:5000/api/Post/GetAll - - - 200 - application/json;+charset=utf-8 4381.3401ms
2022-01-28 09:18:48.002 +08:00 [INF] Application is shutting down...
2022-01-28 09:18:56.764 +08:00 [INF] application start
2022-01-28 09:19:12.063 +08:00 [INF] User profile is available. Using 'C:\Users\27641\AppData\Local\ASP.NET\DataProtection-Keys' as key repository and Windows DPAPI to encrypt keys at rest.
2022-01-28 09:19:14.141 +08:00 [INF] Now listening on: http://[::]:5000
2022-01-28 09:19:14.143 +08:00 [INF] Application started. Press Ctrl+C to shut down.
2022-01-28 09:19:14.145 +08:00 [INF] Hosting environment: Development
2022-01-28 09:19:14.146 +08:00 [INF] Content root path: D:\27641\Documents\pan\pan\pan.web
2022-01-28 09:19:19.056 +08:00 [INF] application start
2022-01-28 09:19:28.155 +08:00 [INF] application start
2022-01-28 09:19:36.516 +08:00 [INF] User profile is available. Using 'C:\Users\27641\AppData\Local\ASP.NET\DataProtection-Keys' as key repository and Windows DPAPI to encrypt keys at rest.
2022-01-28 09:19:38.670 +08:00 [INF] Now listening on: http://[::]:5000
2022-01-28 09:19:38.671 +08:00 [INF] Application started. Press Ctrl+C to shut down.
2022-01-28 09:19:38.672 +08:00 [INF] Hosting environment: Development
2022-01-28 09:19:38.673 +08:00 [INF] Content root path: D:\27641\Documents\pan\pan\pan.web
2022-01-28 09:19:38.982 +08:00 [INF] Request starting HTTP/1.1 GET http://localhost:5000/api/Post/GetAll - -
2022-01-28 09:19:39.648 +08:00 [INF] Executing endpoint 'pan.web.Controllers.PostController.GetAll (pan.web)'
2022-01-28 09:19:39.695 +08:00 [INF] Route matched with {action = "GetAll", controller = "Post"}. Executing controller action with signature System.Threading.Tasks.Task`1[Microsoft.AspNetCore.Mvc.IActionResult] GetAll(Pan.Domain.Handler.Post.PostRequest) on controller pan.web.Controllers.PostController (pan.web).
2022-01-28 09:19:41.671 +08:00 [INF] ----- 开始事务 "e9a03454-661a-4302-899f-89c3fed9f81d" ()
2022-01-28 09:19:42.843 +08:00 [INF] ----- 提交事务 "e9a03454-661a-4302-899f-89c3fed9f81d" 
2022-01-28 09:19:48.376 +08:00 [INF] Executing JsonResult, writing value of type 'Pan.Domain.Model.Common.ResponseValue`1[[Pan.Domain.Model.Common.PagedResultDto`1[[Pan.Domain.Handler.Post.PostItmes, Pan.Domain, Version=1.0.0.0, Culture=neutral, PublicKeyToken=null]], Pan.Domain, Version=1.0.0.0, Culture=neutral, PublicKeyToken=null]]'.
2022-01-28 09:19:48.780 +08:00 [INF] Executed action pan.web.Controllers.PostController.GetAll (pan.web) in 9075.8964ms
2022-01-28 09:19:48.784 +08:00 [INF] Executed endpoint 'pan.web.Controllers.PostController.GetAll (pan.web)'
2022-01-28 09:19:48.796 +08:00 [INF] Request finished HTTP/1.1 GET http://localhost:5000/api/Post/GetAll - - - 200 - application/json;+charset=utf-8 9814.9158ms
2022-01-28 09:20:23.094 +08:00 [INF] application start
2022-01-28 09:20:31.211 +08:00 [INF] Application is shutting down...
2022-01-28 09:20:31.483 +08:00 [INF] User profile is available. Using 'C:\Users\27641\AppData\Local\ASP.NET\DataProtection-Keys' as key repository and Windows DPAPI to encrypt keys at rest.
2022-01-28 09:20:33.225 +08:00 [FTL] Unable to start Kestrel.
System.Threading.Tasks.TaskCanceledException: A task was canceled.
   at Microsoft.AspNetCore.Server.Kestrel.Core.KestrelServerImpl.BindAsync(CancellationToken cancellationToken)
   at Microsoft.AspNetCore.Server.Kestrel.Core.KestrelServerImpl.StartAsync[TContext](IHttpApplication`1 application, CancellationToken cancellationToken)
