2022-02-22 13:58:34.552 +08:00 [INF] application start
2022-02-22 13:59:04.759 +08:00 [INF] User profile is available. Using 'C:\Users\admin\AppData\Local\ASP.NET\DataProtection-Keys' as key repository and Windows DPAPI to encrypt keys at rest.
2022-02-22 13:59:14.565 +08:00 [INF] Now listening on: http://[::]:5000
2022-02-22 13:59:14.567 +08:00 [INF] Application started. Press Ctrl+C to shut down.
2022-02-22 13:59:14.568 +08:00 [INF] Hosting environment: Development
2022-02-22 13:59:14.569 +08:00 [INF] Content root path: D:\Hongbo\Code\Pan\pan_\pan\pan.web
2022-02-22 13:59:15.331 +08:00 [INF] Request starting HTTP/1.1 GET http://localhost:5000/api/Post/GetAll?Keyword=%E5%A5%87%E8%BF%B9%E7%AC%A8%E5%B0%8F%E5%AD%A9 - -
2022-02-22 13:59:17.400 +08:00 [INF] Executing endpoint 'pan.web.Controllers.PostController.GetAll (pan.web)'
2022-02-22 13:59:17.588 +08:00 [INF] Route matched with {action = "GetAll", controller = "Post"}. Executing controller action with signature System.Threading.Tasks.Task`1[Microsoft.AspNetCore.Mvc.IActionResult] GetAll(Pan.Domain.Handler.Post.PostRequest) on controller pan.web.Controllers.PostController (pan.web).
2022-02-22 13:59:24.396 +08:00 [INF] ----- 开始事务 "e962be0a-b5db-4c9a-a906-c6a42b761b4e" ()
2022-02-22 13:59:29.435 +08:00 [INF] ----- 提交事务 "e962be0a-b5db-4c9a-a906-c6a42b761b4e" 
2022-02-22 13:59:29.491 +08:00 [INF] Executing JsonResult, writing value of type 'Pan.Domain.Model.Common.ResponseValue`1[[Pan.Domain.Model.Common.PagedResultDto`1[[Pan.Domain.Handler.Post.PostItmes, Pan.Domain, Version=1.0.0.0, Culture=neutral, PublicKeyToken=null]], Pan.Domain, Version=1.0.0.0, Culture=neutral, PublicKeyToken=null]]'.
2022-02-22 13:59:30.320 +08:00 [INF] Executed action pan.web.Controllers.PostController.GetAll (pan.web) in 12582.0061ms
2022-02-22 13:59:30.324 +08:00 [INF] Executed endpoint 'pan.web.Controllers.PostController.GetAll (pan.web)'
2022-02-22 13:59:30.338 +08:00 [INF] Request finished HTTP/1.1 GET http://localhost:5000/api/Post/GetAll?Keyword=%E5%A5%87%E8%BF%B9%E7%AC%A8%E5%B0%8F%E5%AD%A9 - - - 200 - application/json;+charset=utf-8 15006.7331ms
2022-02-22 13:59:42.206 +08:00 [INF] Request starting HTTP/1.1 GET http://localhost:5000/api/Post/GetAll?Keyword=%E6%9D%80%E6%89%8B%E4%B8%8D%E5%A4%AA%E5%86%B7%E9%9D%99 - -
2022-02-22 13:59:42.267 +08:00 [INF] Executing endpoint 'pan.web.Controllers.PostController.GetAll (pan.web)'
2022-02-22 13:59:42.290 +08:00 [INF] Route matched with {action = "GetAll", controller = "Post"}. Executing controller action with signature System.Threading.Tasks.Task`1[Microsoft.AspNetCore.Mvc.IActionResult] GetAll(Pan.Domain.Handler.Post.PostRequest) on controller pan.web.Controllers.PostController (pan.web).
2022-02-22 13:59:42.407 +08:00 [INF] ----- 开始事务 "7497d853-89e1-42cd-bf5e-39281b28d828" ()
2022-02-22 13:59:44.439 +08:00 [INF] ----- 提交事务 "7497d853-89e1-42cd-bf5e-39281b28d828" 
2022-02-22 13:59:44.458 +08:00 [INF] Executing JsonResult, writing value of type 'Pan.Domain.Model.Common.ResponseValue`1[[Pan.Domain.Model.Common.PagedResultDto`1[[Pan.Domain.Handler.Post.PostItmes, Pan.Domain, Version=1.0.0.0, Culture=neutral, PublicKeyToken=null]], Pan.Domain, Version=1.0.0.0, Culture=neutral, PublicKeyToken=null]]'.
2022-02-22 13:59:44.468 +08:00 [INF] Executed action pan.web.Controllers.PostController.GetAll (pan.web) in 2170.6159ms
2022-02-22 13:59:44.472 +08:00 [INF] Executed endpoint 'pan.web.Controllers.PostController.GetAll (pan.web)'
2022-02-22 13:59:44.474 +08:00 [INF] Request finished HTTP/1.1 GET http://localhost:5000/api/Post/GetAll?Keyword=%E6%9D%80%E6%89%8B%E4%B8%8D%E5%A4%AA%E5%86%B7%E9%9D%99 - - - 200 - application/json;+charset=utf-8 2268.6290ms
