2022-02-21 13:24:52.542 +08:00 [INF] application start
2022-02-21 13:25:21.294 +08:00 [INF] User profile is available. Using 'C:\Users\admin\AppData\Local\ASP.NET\DataProtection-Keys' as key repository and Windows DPAPI to encrypt keys at rest.
2022-02-21 13:25:33.817 +08:00 [INF] Now listening on: http://[::]:5000
2022-02-21 13:25:33.820 +08:00 [INF] Application started. Press Ctrl+C to shut down.
2022-02-21 13:25:33.822 +08:00 [INF] Hosting environment: Development
2022-02-21 13:25:33.822 +08:00 [INF] Content root path: D:\Hongbo\Code\Pan\pan_\pan\pan.web
2022-02-21 13:30:31.862 +08:00 [INF] Request starting HTTP/1.1 GET http://localhost:5000/swagger/index.html - -
2022-02-21 13:30:32.678 +08:00 [INF] Request finished HTTP/1.1 GET http://localhost:5000/swagger/index.html - - - 200 - text/html;charset=utf-8 842.1668ms
2022-02-21 13:30:33.501 +08:00 [INF] Request starting HTTP/1.1 GET http://localhost:5000/swagger/v1/swagger.json - -
2022-02-21 13:30:35.593 +08:00 [INF] Request finished HTTP/1.1 GET http://localhost:5000/swagger/v1/swagger.json - - - 200 - application/json;charset=utf-8 2074.3246ms
2022-02-21 14:28:56.806 +08:00 [INF] Request starting HTTP/1.1 GET http://localhost:5000/api/Post/GetAll?Keyword=%E9%BB%91%E4%B8%9D - -
2022-02-21 14:28:58.758 +08:00 [INF] Executing endpoint 'pan.web.Controllers.PostController.GetAll (pan.web)'
2022-02-21 14:28:58.992 +08:00 [INF] Route matched with {action = "GetAll", controller = "Post"}. Executing controller action with signature System.Threading.Tasks.Task`1[Microsoft.AspNetCore.Mvc.IActionResult] GetAll(Pan.Domain.Handler.Post.PostRequest) on controller pan.web.Controllers.PostController (pan.web).
2022-02-21 14:29:03.917 +08:00 [INF] ----- 开始事务 "d8d523bb-84ef-4a55-8af0-38ce7dcac8ea" ()
2022-02-21 14:29:08.374 +08:00 [INF] ----- 提交事务 "d8d523bb-84ef-4a55-8af0-38ce7dcac8ea" 
2022-02-21 14:29:08.452 +08:00 [INF] Executing JsonResult, writing value of type 'Pan.Domain.Model.Common.ResponseValue`1[[Pan.Domain.Model.Common.PagedResultDto`1[[Pan.Domain.Handler.Post.PostItmes, Pan.Domain, Version=1.0.0.0, Culture=neutral, PublicKeyToken=null]], Pan.Domain, Version=1.0.0.0, Culture=neutral, PublicKeyToken=null]]'.
2022-02-21 14:29:08.753 +08:00 [INF] Executed action pan.web.Controllers.PostController.GetAll (pan.web) in 9748.3836ms
2022-02-21 14:29:08.756 +08:00 [INF] Executed endpoint 'pan.web.Controllers.PostController.GetAll (pan.web)'
2022-02-21 14:29:08.770 +08:00 [INF] Request finished HTTP/1.1 GET http://localhost:5000/api/Post/GetAll?Keyword=%E9%BB%91%E4%B8%9D - - - 200 - application/json;+charset=utf-8 11964.1199ms
2022-02-21 14:32:57.046 +08:00 [INF] Request starting HTTP/1.1 GET http://localhost:5000/api/Post/GetAll?Keyword=%E5%B0%91%E5%A5%B3 - -
2022-02-21 14:32:57.172 +08:00 [INF] Executing endpoint 'pan.web.Controllers.PostController.GetAll (pan.web)'
2022-02-21 14:32:57.184 +08:00 [INF] Route matched with {action = "GetAll", controller = "Post"}. Executing controller action with signature System.Threading.Tasks.Task`1[Microsoft.AspNetCore.Mvc.IActionResult] GetAll(Pan.Domain.Handler.Post.PostRequest) on controller pan.web.Controllers.PostController (pan.web).
2022-02-21 14:32:57.245 +08:00 [INF] ----- 开始事务 "5bfb183f-e04a-4b82-8fde-a8f9077b1a97" ()
2022-02-21 14:32:59.396 +08:00 [INF] ----- 提交事务 "5bfb183f-e04a-4b82-8fde-a8f9077b1a97" 
2022-02-21 14:32:59.409 +08:00 [INF] Executing JsonResult, writing value of type 'Pan.Domain.Model.Common.ResponseValue`1[[Pan.Domain.Model.Common.PagedResultDto`1[[Pan.Domain.Handler.Post.PostItmes, Pan.Domain, Version=1.0.0.0, Culture=neutral, PublicKeyToken=null]], Pan.Domain, Version=1.0.0.0, Culture=neutral, PublicKeyToken=null]]'.
2022-02-21 14:32:59.555 +08:00 [INF] Executed action pan.web.Controllers.PostController.GetAll (pan.web) in 2361.2788ms
2022-02-21 14:32:59.557 +08:00 [INF] Executed endpoint 'pan.web.Controllers.PostController.GetAll (pan.web)'
2022-02-21 14:32:59.563 +08:00 [INF] Request finished HTTP/1.1 GET http://localhost:5000/api/Post/GetAll?Keyword=%E5%B0%91%E5%A5%B3 - - - 200 - application/json;+charset=utf-8 2553.1100ms
2022-02-21 14:33:11.929 +08:00 [INF] Request starting HTTP/1.1 GET http://localhost:5000/api/Post/GetAll?Keyword=goland - -
2022-02-21 14:33:11.945 +08:00 [INF] Executing endpoint 'pan.web.Controllers.PostController.GetAll (pan.web)'
2022-02-21 14:33:11.947 +08:00 [INF] Route matched with {action = "GetAll", controller = "Post"}. Executing controller action with signature System.Threading.Tasks.Task`1[Microsoft.AspNetCore.Mvc.IActionResult] GetAll(Pan.Domain.Handler.Post.PostRequest) on controller pan.web.Controllers.PostController (pan.web).
2022-02-21 14:33:12.053 +08:00 [INF] ----- 开始事务 "ab838bf1-2b31-47cd-9525-f5fdeddff736" ()
2022-02-21 14:33:13.906 +08:00 [INF] ----- 提交事务 "ab838bf1-2b31-47cd-9525-f5fdeddff736" 
2022-02-21 14:33:13.925 +08:00 [INF] Executing JsonResult, writing value of type 'Pan.Domain.Model.Common.ResponseValue`1[[Pan.Domain.Model.Common.PagedResultDto`1[[Pan.Domain.Handler.Post.PostItmes, Pan.Domain, Version=1.0.0.0, Culture=neutral, PublicKeyToken=null]], Pan.Domain, Version=1.0.0.0, Culture=neutral, PublicKeyToken=null]]'.
2022-02-21 14:33:13.931 +08:00 [INF] Executed action pan.web.Controllers.PostController.GetAll (pan.web) in 1981.2422ms
2022-02-21 14:33:13.935 +08:00 [INF] Executed endpoint 'pan.web.Controllers.PostController.GetAll (pan.web)'
2022-02-21 14:33:13.938 +08:00 [INF] Request finished HTTP/1.1 GET http://localhost:5000/api/Post/GetAll?Keyword=goland - - - 200 - application/json;+charset=utf-8 2009.1977ms
2022-02-21 14:33:19.516 +08:00 [INF] Request starting HTTP/1.1 GET http://localhost:5000/api/Post/GetAll?Keyword=go - -
2022-02-21 14:33:19.517 +08:00 [INF] Executing endpoint 'pan.web.Controllers.PostController.GetAll (pan.web)'
2022-02-21 14:33:19.519 +08:00 [INF] Route matched with {action = "GetAll", controller = "Post"}. Executing controller action with signature System.Threading.Tasks.Task`1[Microsoft.AspNetCore.Mvc.IActionResult] GetAll(Pan.Domain.Handler.Post.PostRequest) on controller pan.web.Controllers.PostController (pan.web).
2022-02-21 14:33:19.637 +08:00 [INF] ----- 开始事务 "688d46d4-1bdb-4e90-814a-c3cef5627fc5" ()
2022-02-21 14:33:21.238 +08:00 [INF] ----- 提交事务 "688d46d4-1bdb-4e90-814a-c3cef5627fc5" 
2022-02-21 14:33:21.250 +08:00 [INF] Executing JsonResult, writing value of type 'Pan.Domain.Model.Common.ResponseValue`1[[Pan.Domain.Model.Common.PagedResultDto`1[[Pan.Domain.Handler.Post.PostItmes, Pan.Domain, Version=1.0.0.0, Culture=neutral, PublicKeyToken=null]], Pan.Domain, Version=1.0.0.0, Culture=neutral, PublicKeyToken=null]]'.
2022-02-21 14:33:21.263 +08:00 [INF] Executed action pan.web.Controllers.PostController.GetAll (pan.web) in 1666.6524ms
2022-02-21 14:33:21.266 +08:00 [INF] Executed endpoint 'pan.web.Controllers.PostController.GetAll (pan.web)'
2022-02-21 14:33:21.268 +08:00 [INF] Request finished HTTP/1.1 GET http://localhost:5000/api/Post/GetAll?Keyword=go - - - 200 - application/json;+charset=utf-8 1752.5456ms
2022-02-21 14:33:29.965 +08:00 [INF] Request starting HTTP/1.1 GET http://localhost:5000/api/Post/GetAll?Keyword=%E9%BB%91%E4%B8%9D - -
2022-02-21 14:33:29.980 +08:00 [INF] Executing endpoint 'pan.web.Controllers.PostController.GetAll (pan.web)'
2022-02-21 14:33:29.983 +08:00 [INF] Route matched with {action = "GetAll", controller = "Post"}. Executing controller action with signature System.Threading.Tasks.Task`1[Microsoft.AspNetCore.Mvc.IActionResult] GetAll(Pan.Domain.Handler.Post.PostRequest) on controller pan.web.Controllers.PostController (pan.web).
2022-02-21 14:33:30.036 +08:00 [INF] ----- 开始事务 "6b9355bd-ef25-43d8-aa84-412b71c982fe" ()
2022-02-21 14:33:32.038 +08:00 [INF] ----- 提交事务 "6b9355bd-ef25-43d8-aa84-412b71c982fe" 
2022-02-21 14:33:32.061 +08:00 [INF] Executing JsonResult, writing value of type 'Pan.Domain.Model.Common.ResponseValue`1[[Pan.Domain.Model.Common.PagedResultDto`1[[Pan.Domain.Handler.Post.PostItmes, Pan.Domain, Version=1.0.0.0, Culture=neutral, PublicKeyToken=null]], Pan.Domain, Version=1.0.0.0, Culture=neutral, PublicKeyToken=null]]'.
2022-02-21 14:33:32.091 +08:00 [INF] Executed action pan.web.Controllers.PostController.GetAll (pan.web) in 2104.9252ms
2022-02-21 14:33:32.097 +08:00 [INF] Executed endpoint 'pan.web.Controllers.PostController.GetAll (pan.web)'
2022-02-21 14:33:32.099 +08:00 [INF] Request finished HTTP/1.1 GET http://localhost:5000/api/Post/GetAll?Keyword=%E9%BB%91%E4%B8%9D - - - 200 - application/json;+charset=utf-8 2133.5618ms
