2022-02-08 16:45:48.214 +08:00 [INF] application start
2022-02-08 16:46:08.723 +08:00 [INF] User profile is available. Using 'C:\Users\admin\AppData\Local\ASP.NET\DataProtection-Keys' as key repository and Windows DPAPI to encrypt keys at rest.
2022-02-08 16:46:09.561 +08:00 [INF] Creating key {ba6d28a2-64ce-4799-a3fe-47eb5464bfdf} with creation date 2022-02-08 08:46:09Z, activation date 2022-02-08 08:46:09Z, and expiration date 2022-05-09 08:46:09Z.
2022-02-08 16:46:09.724 +08:00 [INF] Writing data to file 'C:\Users\admin\AppData\Local\ASP.NET\DataProtection-Keys\key-ba6d28a2-64ce-4799-a3fe-47eb5464bfdf.xml'.
2022-02-08 16:46:14.366 +08:00 [INF] Now listening on: http://[::]:5000
2022-02-08 16:46:14.368 +08:00 [INF] Application started. Press Ctrl+C to shut down.
2022-02-08 16:46:14.369 +08:00 [INF] Hosting environment: Development
2022-02-08 16:46:14.373 +08:00 [INF] Content root path: D:\Hongbo\Code\Pan\pan_\pan\pan.web
2022-02-08 16:46:14.777 +08:00 [INF] Request starting HTTP/1.1 GET http://localhost:5000/ - -
2022-02-08 16:46:17.012 +08:00 [INF] Request finished HTTP/1.1 GET http://localhost:5000/ - - - 404 0 - 2220.5216ms
2022-02-08 16:46:17.313 +08:00 [INF] Request starting HTTP/1.1 GET http://localhost:5000/swagger - -
2022-02-08 16:46:17.349 +08:00 [INF] Request finished HTTP/1.1 GET http://localhost:5000/swagger - - - 301 0 - 35.3499ms
2022-02-08 16:46:17.380 +08:00 [INF] Request starting HTTP/1.1 GET http://localhost:5000/swagger/index.html - -
2022-02-08 16:46:17.710 +08:00 [INF] Request finished HTTP/1.1 GET http://localhost:5000/swagger/index.html - - - 200 - text/html;charset=utf-8 330.4324ms
2022-02-08 16:46:17.761 +08:00 [INF] Request starting HTTP/1.1 GET http://localhost:5000/swagger/swagger-ui.css - -
2022-02-08 16:46:17.761 +08:00 [INF] Request starting HTTP/1.1 GET http://localhost:5000/swagger/swagger-ui-bundle.js - -
2022-02-08 16:46:17.767 +08:00 [INF] Request starting HTTP/1.1 GET http://localhost:5000/swagger/swagger-ui-standalone-preset.js - -
2022-02-08 16:46:18.125 +08:00 [INF] Sending file. Request path: '/swagger-ui.css'. Physical path: 'N/A'
2022-02-08 16:46:18.125 +08:00 [INF] Sending file. Request path: '/swagger-ui-standalone-preset.js'. Physical path: 'N/A'
2022-02-08 16:46:18.129 +08:00 [INF] Request finished HTTP/1.1 GET http://localhost:5000/swagger/swagger-ui.css - - - 200 143632 text/css 367.6383ms
2022-02-08 16:46:18.129 +08:00 [INF] Request finished HTTP/1.1 GET http://localhost:5000/swagger/swagger-ui-standalone-preset.js - - - 200 337162 application/javascript 367.3038ms
2022-02-08 16:46:18.267 +08:00 [INF] Sending file. Request path: '/swagger-ui-bundle.js'. Physical path: 'N/A'
2022-02-08 16:46:18.272 +08:00 [INF] Request finished HTTP/1.1 GET http://localhost:5000/swagger/swagger-ui-bundle.js - - - 200 1092889 application/javascript 510.3791ms
2022-02-08 16:46:18.866 +08:00 [INF] Request starting HTTP/1.1 GET http://localhost:5000/swagger/v1/swagger.json - -
2022-02-08 16:46:18.913 +08:00 [INF] Request starting HTTP/1.1 GET http://localhost:5000/swagger/favicon-32x32.png - -
2022-02-08 16:46:18.919 +08:00 [INF] Sending file. Request path: '/favicon-32x32.png'. Physical path: 'N/A'
2022-02-08 16:46:18.965 +08:00 [INF] Request finished HTTP/1.1 GET http://localhost:5000/swagger/favicon-32x32.png - - - 200 628 image/png 51.4427ms
2022-02-08 16:46:20.279 +08:00 [INF] Request finished HTTP/1.1 GET http://localhost:5000/swagger/v1/swagger.json - - - 200 - application/json;charset=utf-8 1412.7993ms
2022-02-08 16:46:59.433 +08:00 [INF] Application is shutting down...
2022-02-08 16:48:07.498 +08:00 [INF] application start
2022-02-08 16:48:19.035 +08:00 [INF] User profile is available. Using 'C:\Users\admin\AppData\Local\ASP.NET\DataProtection-Keys' as key repository and Windows DPAPI to encrypt keys at rest.
2022-02-08 16:48:21.978 +08:00 [INF] Now listening on: http://[::]:5000
2022-02-08 16:48:22.137 +08:00 [INF] Application started. Press Ctrl+C to shut down.
2022-02-08 16:48:22.139 +08:00 [INF] Hosting environment: Development
2022-02-08 16:48:22.141 +08:00 [INF] Content root path: D:\Hongbo\Code\Pan\pan_\pan\pan.web
2022-02-08 16:48:42.830 +08:00 [INF] Request starting HTTP/1.1 GET http://localhost:5000/swagger/index.html - -
2022-02-08 16:48:43.610 +08:00 [INF] Request finished HTTP/1.1 GET http://localhost:5000/swagger/index.html - - - 200 - text/html;charset=utf-8 790.3268ms
2022-02-08 16:48:43.848 +08:00 [INF] Request starting HTTP/1.1 GET http://localhost:5000/swagger/v1/swagger.json - -
2022-02-08 16:48:44.682 +08:00 [INF] Request finished HTTP/1.1 GET http://localhost:5000/swagger/v1/swagger.json - - - 200 - application/json;charset=utf-8 832.2048ms
2022-02-08 16:48:53.861 +08:00 [INF] Request starting HTTP/1.1 GET http://localhost:5000/api/Post/Login?Keyword=vue - -
2022-02-08 16:48:54.611 +08:00 [INF] Executing endpoint 'pan.web.Controllers.PostController.Login (pan.web)'
2022-02-08 16:48:54.825 +08:00 [INF] Route matched with {action = "Login", controller = "Post"}. Executing controller action with signature System.Threading.Tasks.Task`1[Microsoft.AspNetCore.Mvc.IActionResult] Login(Pan.Domain.Handler.Post.PostRequest) on controller pan.web.Controllers.PostController (pan.web).
2022-02-08 16:48:59.911 +08:00 [ERR] 处理事务出错  ({"Keyword":"vue","Sorting":"CreateOn desc","SkipCount":0,"MaxResultCount":10,"$type":"PostRequest"})
MySqlConnector.MySqlException (0x80004005): Access denied for user 'ddd'@'122.224.210.82' (using password: YES)
   at MySqlConnector.Core.ServerSession.ConnectAsync(ConnectionSettings cs, Int32 startTickCount, ILoadBalancer loadBalancer, IOBehavior ioBehavior, CancellationToken cancellationToken) in /_/src/MySqlConnector/Core/ServerSession.cs:line 498
   at MySqlConnector.Core.ConnectionPool.ConnectSessionAsync(String logMessage, Int32 startTickCount, IOBehavior ioBehavior, CancellationToken cancellationToken) in /_/src/MySqlConnector/Core/ConnectionPool.cs:line 376
   at MySqlConnector.Core.ConnectionPool.GetSessionAsync(MySqlConnection connection, Int32 startTickCount, IOBehavior ioBehavior, CancellationToken cancellationToken) in /_/src/MySqlConnector/Core/ConnectionPool.cs:line 107
   at MySqlConnector.Core.ConnectionPool.GetSessionAsync(MySqlConnection connection, Int32 startTickCount, IOBehavior ioBehavior, CancellationToken cancellationToken) in /_/src/MySqlConnector/Core/ConnectionPool.cs:line 137
   at MySqlConnector.MySqlConnection.CreateSessionAsync(ConnectionPool pool, Int32 startTickCount, Nullable`1 ioBehavior, CancellationToken cancellationToken) in /_/src/MySqlConnector/MySqlConnection.cs:line 873
   at MySqlConnector.MySqlConnection.OpenAsync(Nullable`1 ioBehavior, CancellationToken cancellationToken) in /_/src/MySqlConnector/MySqlConnection.cs:line 414
   at MySqlConnector.MySqlConnection.Open() in /_/src/MySqlConnector/MySqlConnection.cs:line 380
   at Microsoft.EntityFrameworkCore.Storage.RelationalConnection.OpenDbConnection(Boolean errorsExpected)
   at Microsoft.EntityFrameworkCore.Storage.RelationalConnection.OpenInternal(Boolean errorsExpected)
   at Microsoft.EntityFrameworkCore.Storage.RelationalConnection.Open(Boolean errorsExpected)
   at Pomelo.EntityFrameworkCore.MySql.Storage.Internal.MySqlRelationalConnection.Open(Boolean errorsExpected)
   at Microsoft.EntityFrameworkCore.Storage.RelationalConnection.BeginTransaction(IsolationLevel isolationLevel)
   at Microsoft.EntityFrameworkCore.Storage.RelationalConnection.BeginTransaction()
   at Microsoft.EntityFrameworkCore.Infrastructure.DatabaseFacade.BeginTransaction()
   at Pan.Infrastructure.Context.EFCoreDbContext.BeginAsync() in D:\Hongbo\Code\Pan\pan_\pan\Pan.Infrastructure\Context\EFCoreDbContext.cs:line 58
   at Pan.Infrastructure.UnitOfWoks.TransactionBehavior`3.<>c__DisplayClass3_0.<<Handle>b__0>d.MoveNext() in D:\Hongbo\Code\Pan\pan_\pan\Pan.Infrastructure\UnitOfWoks\TransactionBehavior.cs:line 48
--- End of stack trace from previous location ---
   at Microsoft.EntityFrameworkCore.ExecutionStrategyExtensions.<>c.<<ExecuteAsync>b__3_0>d.MoveNext()
--- End of stack trace from previous location ---
   at Microsoft.EntityFrameworkCore.Storage.ExecutionStrategy.ExecuteImplementationAsync[TState,TResult](Func`4 operation, Func`4 verifySucceeded, TState state, CancellationToken cancellationToken)
   at Microsoft.EntityFrameworkCore.Storage.ExecutionStrategy.ExecuteImplementationAsync[TState,TResult](Func`4 operation, Func`4 verifySucceeded, TState state, CancellationToken cancellationToken)
   at Pan.Infrastructure.UnitOfWoks.TransactionBehavior`3.Handle(TRequest request, CancellationToken cancellationToken, RequestHandlerDelegate`1 next) in D:\Hongbo\Code\Pan\pan_\pan\Pan.Infrastructure\UnitOfWoks\TransactionBehavior.cs:line 45
2022-02-08 16:49:00.931 +08:00 [INF] Executed action pan.web.Controllers.PostController.Login (pan.web) in 6080.2175ms
2022-02-08 16:49:00.962 +08:00 [INF] Executed endpoint 'pan.web.Controllers.PostController.Login (pan.web)'
2022-02-08 16:49:01.164 +08:00 [ERR] An unhandled exception has occurred while executing the request.
MySqlConnector.MySqlException (0x80004005): Access denied for user 'ddd'@'122.224.210.82' (using password: YES)
   at MySqlConnector.Core.ServerSession.ConnectAsync(ConnectionSettings cs, Int32 startTickCount, ILoadBalancer loadBalancer, IOBehavior ioBehavior, CancellationToken cancellationToken) in /_/src/MySqlConnector/Core/ServerSession.cs:line 498
   at MySqlConnector.Core.ConnectionPool.ConnectSessionAsync(String logMessage, Int32 startTickCount, IOBehavior ioBehavior, CancellationToken cancellationToken) in /_/src/MySqlConnector/Core/ConnectionPool.cs:line 376
   at MySqlConnector.Core.ConnectionPool.GetSessionAsync(MySqlConnection connection, Int32 startTickCount, IOBehavior ioBehavior, CancellationToken cancellationToken) in /_/src/MySqlConnector/Core/ConnectionPool.cs:line 107
   at MySqlConnector.Core.ConnectionPool.GetSessionAsync(MySqlConnection connection, Int32 startTickCount, IOBehavior ioBehavior, CancellationToken cancellationToken) in /_/src/MySqlConnector/Core/ConnectionPool.cs:line 137
   at MySqlConnector.MySqlConnection.CreateSessionAsync(ConnectionPool pool, Int32 startTickCount, Nullable`1 ioBehavior, CancellationToken cancellationToken) in /_/src/MySqlConnector/MySqlConnection.cs:line 873
   at MySqlConnector.MySqlConnection.OpenAsync(Nullable`1 ioBehavior, CancellationToken cancellationToken) in /_/src/MySqlConnector/MySqlConnection.cs:line 414
   at MySqlConnector.MySqlConnection.Open() in /_/src/MySqlConnector/MySqlConnection.cs:line 380
   at Microsoft.EntityFrameworkCore.Storage.RelationalConnection.OpenDbConnection(Boolean errorsExpected)
   at Microsoft.EntityFrameworkCore.Storage.RelationalConnection.OpenInternal(Boolean errorsExpected)
   at Microsoft.EntityFrameworkCore.Storage.RelationalConnection.Open(Boolean errorsExpected)
   at Pomelo.EntityFrameworkCore.MySql.Storage.Internal.MySqlRelationalConnection.Open(Boolean errorsExpected)
   at Microsoft.EntityFrameworkCore.Storage.RelationalConnection.BeginTransaction(IsolationLevel isolationLevel)
   at Microsoft.EntityFrameworkCore.Storage.RelationalConnection.BeginTransaction()
   at Microsoft.EntityFrameworkCore.Infrastructure.DatabaseFacade.BeginTransaction()
   at Pan.Infrastructure.Context.EFCoreDbContext.BeginAsync() in D:\Hongbo\Code\Pan\pan_\pan\Pan.Infrastructure\Context\EFCoreDbContext.cs:line 58
   at Pan.Infrastructure.UnitOfWoks.TransactionBehavior`3.<>c__DisplayClass3_0.<<Handle>b__0>d.MoveNext() in D:\Hongbo\Code\Pan\pan_\pan\Pan.Infrastructure\UnitOfWoks\TransactionBehavior.cs:line 48
--- End of stack trace from previous location ---
   at Microsoft.EntityFrameworkCore.ExecutionStrategyExtensions.<>c.<<ExecuteAsync>b__3_0>d.MoveNext()
--- End of stack trace from previous location ---
   at Microsoft.EntityFrameworkCore.Storage.ExecutionStrategy.ExecuteImplementationAsync[TState,TResult](Func`4 operation, Func`4 verifySucceeded, TState state, CancellationToken cancellationToken)
   at Microsoft.EntityFrameworkCore.Storage.ExecutionStrategy.ExecuteImplementationAsync[TState,TResult](Func`4 operation, Func`4 verifySucceeded, TState state, CancellationToken cancellationToken)
   at Pan.Infrastructure.UnitOfWoks.TransactionBehavior`3.Handle(TRequest request, CancellationToken cancellationToken, RequestHandlerDelegate`1 next) in D:\Hongbo\Code\Pan\pan_\pan\Pan.Infrastructure\UnitOfWoks\TransactionBehavior.cs:line 45
   at MediatR.Pipeline.RequestExceptionProcessorBehavior`2.Handle(TRequest request, CancellationToken cancellationToken, RequestHandlerDelegate`1 next)
   at MediatR.Pipeline.RequestExceptionProcessorBehavior`2.Handle(TRequest request, CancellationToken cancellationToken, RequestHandlerDelegate`1 next)
   at MediatR.Pipeline.RequestExceptionActionProcessorBehavior`2.Handle(TRequest request, CancellationToken cancellationToken, RequestHandlerDelegate`1 next)
   at MediatR.Pipeline.RequestExceptionActionProcessorBehavior`2.Handle(TRequest request, CancellationToken cancellationToken, RequestHandlerDelegate`1 next)
   at MediatR.Pipeline.RequestPostProcessorBehavior`2.Handle(TRequest request, CancellationToken cancellationToken, RequestHandlerDelegate`1 next)
   at MediatR.Pipeline.RequestPreProcessorBehavior`2.Handle(TRequest request, CancellationToken cancellationToken, RequestHandlerDelegate`1 next)
   at pan.web.Controllers.PostController.Login(PostRequest request) in D:\Hongbo\Code\Pan\pan_\pan\pan.web\Controllers\PostController.cs:line 27
   at Microsoft.AspNetCore.Mvc.Infrastructure.ActionMethodExecutor.TaskOfIActionResultExecutor.Execute(IActionResultTypeMapper mapper, ObjectMethodExecutor executor, Object controller, Object[] arguments)
   at Microsoft.AspNetCore.Mvc.Infrastructure.ControllerActionInvoker.<InvokeActionMethodAsync>g__Awaited|12_0(ControllerActionInvoker invoker, ValueTask`1 actionResultValueTask)
   at Microsoft.AspNetCore.Mvc.Infrastructure.ControllerActionInvoker.<InvokeNextActionFilterAsync>g__Awaited|10_0(ControllerActionInvoker invoker, Task lastTask, State next, Scope scope, Object state, Boolean isCompleted)
   at Microsoft.AspNetCore.Mvc.Infrastructure.ControllerActionInvoker.Rethrow(ActionExecutedContextSealed context)
   at Microsoft.AspNetCore.Mvc.Infrastructure.ControllerActionInvoker.Next(State& next, Scope& scope, Object& state, Boolean& isCompleted)
   at Microsoft.AspNetCore.Mvc.Infrastructure.ControllerActionInvoker.InvokeInnerFilterAsync()
--- End of stack trace from previous location ---
   at Microsoft.AspNetCore.Mvc.Infrastructure.ResourceInvoker.<InvokeNextResourceFilter>g__Awaited|24_0(ResourceInvoker invoker, Task lastTask, State next, Scope scope, Object state, Boolean isCompleted)
   at Microsoft.AspNetCore.Mvc.Infrastructure.ResourceInvoker.Rethrow(ResourceExecutedContextSealed context)
   at Microsoft.AspNetCore.Mvc.Infrastructure.ResourceInvoker.Next(State& next, Scope& scope, Object& state, Boolean& isCompleted)
   at Microsoft.AspNetCore.Mvc.Infrastructure.ResourceInvoker.InvokeFilterPipelineAsync()
--- End of stack trace from previous location ---
   at Microsoft.AspNetCore.Mvc.Infrastructure.ResourceInvoker.<InvokeAsync>g__Logged|17_1(ResourceInvoker invoker)
   at Microsoft.AspNetCore.Routing.EndpointMiddleware.<Invoke>g__AwaitRequestTask|6_0(Endpoint endpoint, Task requestTask, ILogger logger)
   at pan.web.MiddleWares.ExceptionMiddleware.Invoke(HttpContext httpContext) in D:\Hongbo\Code\Pan\pan_\pan\pan.web\MiddleWares\ExceptionMiddleware.cs:line 29
   at Microsoft.AspNetCore.ResponseCompression.ResponseCompressionMiddleware.Invoke(HttpContext context)
   at pan.web.MiddleWares.TokenParseMiddleware.Invoke(HttpContext httpContext) in D:\Hongbo\Code\Pan\pan_\pan\pan.web\MiddleWares\TokenParseMiddleware.cs:line 34
   at Microsoft.AspNetCore.Authorization.AuthorizationMiddleware.Invoke(HttpContext context)
   at Microsoft.AspNetCore.Authentication.AuthenticationMiddleware.Invoke(HttpContext context)
   at Swashbuckle.AspNetCore.SwaggerUI.SwaggerUIMiddleware.Invoke(HttpContext httpContext)
   at Swashbuckle.AspNetCore.Swagger.SwaggerMiddleware.Invoke(HttpContext httpContext, ISwaggerProvider swaggerProvider)
   at Microsoft.AspNetCore.Diagnostics.DeveloperExceptionPageMiddleware.Invoke(HttpContext context)
2022-02-08 16:49:01.532 +08:00 [INF] Request finished HTTP/1.1 GET http://localhost:5000/api/Post/Login?Keyword=vue - - - 500 - text/plain 7670.7259ms
2022-02-08 16:49:46.127 +08:00 [INF] application start
2022-02-08 16:49:56.776 +08:00 [INF] User profile is available. Using 'C:\Users\admin\AppData\Local\ASP.NET\DataProtection-Keys' as key repository and Windows DPAPI to encrypt keys at rest.
2022-02-08 16:49:59.694 +08:00 [INF] Now listening on: http://[::]:5000
2022-02-08 16:49:59.696 +08:00 [INF] Application started. Press Ctrl+C to shut down.
2022-02-08 16:49:59.697 +08:00 [INF] Hosting environment: Development
2022-02-08 16:49:59.698 +08:00 [INF] Content root path: D:\Hongbo\Code\Pan\pan_\pan\pan.web
2022-02-08 16:55:13.595 +08:00 [INF] Request starting HTTP/1.1 GET http://localhost:5000/swagger/index.html - -
2022-02-08 16:55:14.343 +08:00 [INF] Request finished HTTP/1.1 GET http://localhost:5000/swagger/index.html - - - 200 - text/html;charset=utf-8 751.8051ms
2022-02-08 16:55:14.833 +08:00 [INF] Request starting HTTP/1.1 GET http://localhost:5000/swagger/v1/swagger.json - -
2022-02-08 16:55:15.869 +08:00 [INF] Request finished HTTP/1.1 GET http://localhost:5000/swagger/v1/swagger.json - - - 200 - application/json;charset=utf-8 1036.5006ms
2022-02-08 16:55:24.512 +08:00 [INF] Request starting HTTP/1.1 GET http://localhost:5000/api/Post/Login?Keyword=vue - -
2022-02-08 16:55:25.297 +08:00 [INF] Executing endpoint 'pan.web.Controllers.PostController.Login (pan.web)'
2022-02-08 16:55:25.362 +08:00 [INF] Route matched with {action = "Login", controller = "Post"}. Executing controller action with signature System.Threading.Tasks.Task`1[Microsoft.AspNetCore.Mvc.IActionResult] Login(Pan.Domain.Handler.Post.PostRequest) on controller pan.web.Controllers.PostController (pan.web).
2022-02-08 16:55:28.083 +08:00 [INF] ----- 开始事务 "2758ac5f-17f4-4d88-8534-d4ba12f7df20" ()
2022-02-08 16:55:31.187 +08:00 [INF] ----- 提交事务 "2758ac5f-17f4-4d88-8534-d4ba12f7df20" 
2022-02-08 16:55:31.265 +08:00 [INF] Executing JsonResult, writing value of type 'Pan.Domain.Model.Common.ResponseValue`1[[Pan.Domain.Model.Common.PagedResultDto`1[[Pan.Domain.Handler.Post.PostItmes, Pan.Domain, Version=1.0.0.0, Culture=neutral, PublicKeyToken=null]], Pan.Domain, Version=1.0.0.0, Culture=neutral, PublicKeyToken=null]]'.
2022-02-08 16:55:31.543 +08:00 [INF] Executed action pan.web.Controllers.PostController.Login (pan.web) in 6169.9757ms
2022-02-08 16:55:31.553 +08:00 [INF] Executed endpoint 'pan.web.Controllers.PostController.Login (pan.web)'
2022-02-08 16:55:31.566 +08:00 [INF] Request finished HTTP/1.1 GET http://localhost:5000/api/Post/Login?Keyword=vue - - - 200 - application/json;+charset=utf-8 7054.4555ms
2022-02-08 17:02:46.444 +08:00 [INF] Request starting HTTP/1.1 GET http://localhost:5000/api/Post/Login?Keyword=vue - -
2022-02-08 17:02:46.446 +08:00 [INF] Executing endpoint 'pan.web.Controllers.PostController.Login (pan.web)'
2022-02-08 17:02:46.448 +08:00 [INF] Route matched with {action = "Login", controller = "Post"}. Executing controller action with signature System.Threading.Tasks.Task`1[Microsoft.AspNetCore.Mvc.IActionResult] Login(Pan.Domain.Handler.Post.PostRequest) on controller pan.web.Controllers.PostController (pan.web).
2022-02-08 17:02:46.615 +08:00 [INF] ----- 开始事务 "d16c17de-6fcb-45be-8dc2-0b9d6488167f" ()
2022-02-08 17:02:46.996 +08:00 [INF] ----- 提交事务 "d16c17de-6fcb-45be-8dc2-0b9d6488167f" 
2022-02-08 17:02:47.008 +08:00 [INF] Executing JsonResult, writing value of type 'Pan.Domain.Model.Common.ResponseValue`1[[Pan.Domain.Model.Common.PagedResultDto`1[[Pan.Domain.Handler.Post.PostItmes, Pan.Domain, Version=1.0.0.0, Culture=neutral, PublicKeyToken=null]], Pan.Domain, Version=1.0.0.0, Culture=neutral, PublicKeyToken=null]]'.
2022-02-08 17:02:47.096 +08:00 [INF] Executed action pan.web.Controllers.PostController.Login (pan.web) in 641.5129ms
2022-02-08 17:02:47.098 +08:00 [INF] Executed endpoint 'pan.web.Controllers.PostController.Login (pan.web)'
2022-02-08 17:02:47.100 +08:00 [INF] Request finished HTTP/1.1 GET http://localhost:5000/api/Post/Login?Keyword=vue - - - 200 - application/json;+charset=utf-8 656.8300ms
