2022-02-15 10:00:11.639 +08:00 [INF] application start
2022-02-15 10:00:40.474 +08:00 [INF] User profile is available. Using 'C:\Users\admin\AppData\Local\ASP.NET\DataProtection-Keys' as key repository and Windows DPAPI to encrypt keys at rest.
2022-02-15 10:01:08.952 +08:00 [INF] Now listening on: http://[::]:5000
2022-02-15 10:01:08.962 +08:00 [INF] Application started. Press Ctrl+C to shut down.
2022-02-15 10:01:08.963 +08:00 [INF] Hosting environment: Development
2022-02-15 10:01:08.965 +08:00 [INF] Content root path: D:\Hongbo\Code\Pan\pan_\pan\pan.web
2022-02-15 10:01:21.291 +08:00 [INF] Request starting HTTP/1.1 GET http://localhost:5000/ - -
2022-02-15 10:01:23.601 +08:00 [INF] Request finished HTTP/1.1 GET http://localhost:5000/ - - - 404 0 - 2329.3745ms
2022-02-15 10:01:35.150 +08:00 [INF] Request starting HTTP/1.1 GET http://localhost:5000/swagger - -
2022-02-15 10:01:35.216 +08:00 [INF] Request finished HTTP/1.1 GET http://localhost:5000/swagger - - - 301 0 - 65.5172ms
2022-02-15 10:01:35.231 +08:00 [INF] Request starting HTTP/1.1 GET http://localhost:5000/swagger/index.html - -
2022-02-15 10:01:35.575 +08:00 [INF] Request finished HTTP/1.1 GET http://localhost:5000/swagger/index.html - - - 200 - text/html;charset=utf-8 343.7832ms
2022-02-15 10:01:35.663 +08:00 [INF] Request starting HTTP/1.1 GET http://localhost:5000/swagger/swagger-ui.css - -
2022-02-15 10:01:35.663 +08:00 [INF] Request starting HTTP/1.1 GET http://localhost:5000/swagger/swagger-ui-standalone-preset.js - -
2022-02-15 10:01:35.663 +08:00 [INF] Request starting HTTP/1.1 GET http://localhost:5000/swagger/swagger-ui-bundle.js - -
2022-02-15 10:01:35.903 +08:00 [INF] Sending file. Request path: '/swagger-ui.css'. Physical path: 'N/A'
2022-02-15 10:01:35.916 +08:00 [INF] Request finished HTTP/1.1 GET http://localhost:5000/swagger/swagger-ui.css - - - 200 143632 text/css 252.4592ms
2022-02-15 10:01:35.931 +08:00 [INF] Sending file. Request path: '/swagger-ui-standalone-preset.js'. Physical path: 'N/A'
2022-02-15 10:01:35.932 +08:00 [INF] Request finished HTTP/1.1 GET http://localhost:5000/swagger/swagger-ui-standalone-preset.js - - - 200 337162 application/javascript 270.8909ms
2022-02-15 10:01:36.125 +08:00 [INF] Sending file. Request path: '/swagger-ui-bundle.js'. Physical path: 'N/A'
2022-02-15 10:01:36.132 +08:00 [INF] Request finished HTTP/1.1 GET http://localhost:5000/swagger/swagger-ui-bundle.js - - - 200 1092889 application/javascript 468.5033ms
2022-02-15 10:01:36.696 +08:00 [INF] Request starting HTTP/1.1 GET http://localhost:5000/swagger/v1/swagger.json - -
2022-02-15 10:01:36.777 +08:00 [INF] Request starting HTTP/1.1 GET http://localhost:5000/swagger/favicon-32x32.png - -
2022-02-15 10:01:36.920 +08:00 [INF] Sending file. Request path: '/favicon-32x32.png'. Physical path: 'N/A'
2022-02-15 10:01:37.172 +08:00 [INF] Request finished HTTP/1.1 GET http://localhost:5000/swagger/favicon-32x32.png - - - 200 628 image/png 394.7804ms
2022-02-15 10:01:38.374 +08:00 [INF] Request finished HTTP/1.1 GET http://localhost:5000/swagger/v1/swagger.json - - - 200 - application/json;charset=utf-8 1677.1842ms
2022-02-15 10:06:57.381 +08:00 [INF] Request starting HTTP/1.1 GET http://localhost:5000/api/Post/Login?Keyword=%E5%A4%8F%E6%97%A5%E7%8B%82%E6%83%B3%E6%9B%B2 - -
2022-02-15 10:06:57.433 +08:00 [INF] Executing endpoint 'pan.web.Controllers.PostController.Login (pan.web)'
2022-02-15 10:06:57.543 +08:00 [INF] Route matched with {action = "Login", controller = "Post"}. Executing controller action with signature System.Threading.Tasks.Task`1[Microsoft.AspNetCore.Mvc.IActionResult] Login(Pan.Domain.Handler.Post.PostRequest) on controller pan.web.Controllers.PostController (pan.web).
2022-02-15 10:07:01.424 +08:00 [INF] ----- 开始事务 "07559f43-3ec9-4e95-a04d-3ac410bc13fd" ()
2022-02-15 10:07:04.047 +08:00 [INF] ----- 提交事务 "07559f43-3ec9-4e95-a04d-3ac410bc13fd" 
2022-02-15 10:07:04.181 +08:00 [INF] Executing JsonResult, writing value of type 'Pan.Domain.Model.Common.ResponseValue`1[[Pan.Domain.Model.Common.PagedResultDto`1[[Pan.Domain.Handler.Post.PostItmes, Pan.Domain, Version=1.0.0.0, Culture=neutral, PublicKeyToken=null]], Pan.Domain, Version=1.0.0.0, Culture=neutral, PublicKeyToken=null]]'.
2022-02-15 10:07:04.580 +08:00 [INF] Executed action pan.web.Controllers.PostController.Login (pan.web) in 7018.0412ms
2022-02-15 10:07:04.584 +08:00 [INF] Executed endpoint 'pan.web.Controllers.PostController.Login (pan.web)'
2022-02-15 10:07:04.597 +08:00 [INF] Request finished HTTP/1.1 GET http://localhost:5000/api/Post/Login?Keyword=%E5%A4%8F%E6%97%A5%E7%8B%82%E6%83%B3%E6%9B%B2 - - - 200 - application/json;+charset=utf-8 7216.0013ms
2022-02-15 10:07:16.867 +08:00 [INF] Request starting HTTP/1.1 GET http://localhost:5000/api/Post/Login?Keyword=%E5%A4%8F%E6%97%A5%E7%8B%82 - -
2022-02-15 10:07:16.885 +08:00 [INF] Executing endpoint 'pan.web.Controllers.PostController.Login (pan.web)'
2022-02-15 10:07:16.888 +08:00 [INF] Route matched with {action = "Login", controller = "Post"}. Executing controller action with signature System.Threading.Tasks.Task`1[Microsoft.AspNetCore.Mvc.IActionResult] Login(Pan.Domain.Handler.Post.PostRequest) on controller pan.web.Controllers.PostController (pan.web).
2022-02-15 10:07:17.307 +08:00 [INF] ----- 开始事务 "d6a3b7dd-3735-41f4-96a5-8877d200dc36" ()
2022-02-15 10:07:17.672 +08:00 [INF] ----- 提交事务 "d6a3b7dd-3735-41f4-96a5-8877d200dc36" 
2022-02-15 10:07:17.706 +08:00 [INF] Executing JsonResult, writing value of type 'Pan.Domain.Model.Common.ResponseValue`1[[Pan.Domain.Model.Common.PagedResultDto`1[[Pan.Domain.Handler.Post.PostItmes, Pan.Domain, Version=1.0.0.0, Culture=neutral, PublicKeyToken=null]], Pan.Domain, Version=1.0.0.0, Culture=neutral, PublicKeyToken=null]]'.
2022-02-15 10:07:17.711 +08:00 [INF] Executed action pan.web.Controllers.PostController.Login (pan.web) in 818.0773ms
2022-02-15 10:07:17.714 +08:00 [INF] Executed endpoint 'pan.web.Controllers.PostController.Login (pan.web)'
2022-02-15 10:07:17.716 +08:00 [INF] Request finished HTTP/1.1 GET http://localhost:5000/api/Post/Login?Keyword=%E5%A4%8F%E6%97%A5%E7%8B%82 - - - 200 - application/json;+charset=utf-8 849.1499ms
2022-02-15 10:07:34.771 +08:00 [INF] Request starting HTTP/1.1 GET http://localhost:5000/api/Post/Login?Keyword=%E5%A4%8F%E6%97%A5 - -
2022-02-15 10:07:34.774 +08:00 [INF] Executing endpoint 'pan.web.Controllers.PostController.Login (pan.web)'
2022-02-15 10:07:34.776 +08:00 [INF] Route matched with {action = "Login", controller = "Post"}. Executing controller action with signature System.Threading.Tasks.Task`1[Microsoft.AspNetCore.Mvc.IActionResult] Login(Pan.Domain.Handler.Post.PostRequest) on controller pan.web.Controllers.PostController (pan.web).
2022-02-15 10:07:34.941 +08:00 [INF] ----- 开始事务 "36d857ad-a863-4f7e-99ec-0fb5324a5ac5" ()
2022-02-15 10:07:35.365 +08:00 [INF] ----- 提交事务 "36d857ad-a863-4f7e-99ec-0fb5324a5ac5" 
2022-02-15 10:07:35.383 +08:00 [INF] Executing JsonResult, writing value of type 'Pan.Domain.Model.Common.ResponseValue`1[[Pan.Domain.Model.Common.PagedResultDto`1[[Pan.Domain.Handler.Post.PostItmes, Pan.Domain, Version=1.0.0.0, Culture=neutral, PublicKeyToken=null]], Pan.Domain, Version=1.0.0.0, Culture=neutral, PublicKeyToken=null]]'.
2022-02-15 10:07:35.631 +08:00 [INF] Executed action pan.web.Controllers.PostController.Login (pan.web) in 849.7598ms
2022-02-15 10:07:35.697 +08:00 [INF] Executed endpoint 'pan.web.Controllers.PostController.Login (pan.web)'
2022-02-15 10:07:35.733 +08:00 [INF] Request finished HTTP/1.1 GET http://localhost:5000/api/Post/Login?Keyword=%E5%A4%8F%E6%97%A5 - - - 200 - application/json;+charset=utf-8 961.7343ms
2022-02-15 12:10:05.811 +08:00 [INF] Request starting HTTP/1.1 GET http://localhost:5000/swagger/index.html - -
2022-02-15 12:10:05.857 +08:00 [INF] Request finished HTTP/1.1 GET http://localhost:5000/swagger/index.html - - - 200 - text/html;charset=utf-8 47.4722ms
2022-02-15 12:10:05.901 +08:00 [INF] Request starting HTTP/1.1 GET http://localhost:5000/swagger/swagger-ui-standalone-preset.js - -
2022-02-15 12:10:05.906 +08:00 [INF] Request starting HTTP/1.1 GET http://localhost:5000/swagger/swagger-ui.css - -
2022-02-15 12:10:05.904 +08:00 [INF] Request starting HTTP/1.1 GET http://localhost:5000/swagger/swagger-ui-bundle.js - -
2022-02-15 12:10:05.926 +08:00 [INF] Sending file. Request path: '/swagger-ui.css'. Physical path: 'N/A'
2022-02-15 12:10:06.008 +08:00 [INF] Sending file. Request path: '/swagger-ui-standalone-preset.js'. Physical path: 'N/A'
2022-02-15 12:10:06.120 +08:00 [INF] Sending file. Request path: '/swagger-ui-bundle.js'. Physical path: 'N/A'
2022-02-15 12:10:06.123 +08:00 [INF] Request finished HTTP/1.1 GET http://localhost:5000/swagger/swagger-ui.css - - - 200 143632 text/css 219.1780ms
2022-02-15 12:10:06.128 +08:00 [INF] Request finished HTTP/1.1 GET http://localhost:5000/swagger/swagger-ui-standalone-preset.js - - - 200 337162 application/javascript 227.2961ms
2022-02-15 12:10:06.137 +08:00 [INF] Request finished HTTP/1.1 GET http://localhost:5000/swagger/swagger-ui-bundle.js - - - 200 1092889 application/javascript 233.7651ms
2022-02-15 12:10:06.742 +08:00 [INF] Request starting HTTP/1.1 GET http://localhost:5000/swagger/favicon-32x32.png - -
2022-02-15 12:10:06.742 +08:00 [INF] Request starting HTTP/1.1 GET http://localhost:5000/swagger/v1/swagger.json - -
2022-02-15 12:10:06.789 +08:00 [INF] Sending file. Request path: '/favicon-32x32.png'. Physical path: 'N/A'
2022-02-15 12:10:06.804 +08:00 [INF] Request finished HTTP/1.1 GET http://localhost:5000/swagger/favicon-32x32.png - - - 200 628 image/png 61.7355ms
2022-02-15 12:10:06.812 +08:00 [INF] Request finished HTTP/1.1 GET http://localhost:5000/swagger/v1/swagger.json - - - 200 - application/json;charset=utf-8 69.4864ms
2022-02-15 12:10:19.103 +08:00 [INF] Request starting HTTP/1.1 GET http://localhost:5000/api/Post/Login?Keyword=%E7%BC%96%E7%A8%8B - -
2022-02-15 12:10:19.111 +08:00 [INF] Executing endpoint 'pan.web.Controllers.PostController.Login (pan.web)'
2022-02-15 12:10:19.120 +08:00 [INF] Route matched with {action = "Login", controller = "Post"}. Executing controller action with signature System.Threading.Tasks.Task`1[Microsoft.AspNetCore.Mvc.IActionResult] Login(Pan.Domain.Handler.Post.PostRequest) on controller pan.web.Controllers.PostController (pan.web).
2022-02-15 12:10:19.284 +08:00 [INF] ----- 开始事务 "307e23b9-e512-492d-b438-5649a4317179" ()
2022-02-15 12:10:19.734 +08:00 [INF] ----- 提交事务 "307e23b9-e512-492d-b438-5649a4317179" 
2022-02-15 12:10:19.752 +08:00 [INF] Executing JsonResult, writing value of type 'Pan.Domain.Model.Common.ResponseValue`1[[Pan.Domain.Model.Common.PagedResultDto`1[[Pan.Domain.Handler.Post.PostItmes, Pan.Domain, Version=1.0.0.0, Culture=neutral, PublicKeyToken=null]], Pan.Domain, Version=1.0.0.0, Culture=neutral, PublicKeyToken=null]]'.
2022-02-15 12:10:19.779 +08:00 [INF] Executed action pan.web.Controllers.PostController.Login (pan.web) in 652.4092ms
2022-02-15 12:10:19.788 +08:00 [INF] Executed endpoint 'pan.web.Controllers.PostController.Login (pan.web)'
2022-02-15 12:10:19.791 +08:00 [INF] Request finished HTTP/1.1 GET http://localhost:5000/api/Post/Login?Keyword=%E7%BC%96%E7%A8%8B - - - 200 - application/json;+charset=utf-8 687.8662ms
2022-02-15 16:42:55.130 +08:00 [INF] Request starting HTTP/1.1 GET http://localhost:5000/api/Post/Login?Keyword=%E9%BB%91%E4%B8%9D - -
2022-02-15 16:42:55.163 +08:00 [INF] Executing endpoint 'pan.web.Controllers.PostController.Login (pan.web)'
2022-02-15 16:42:55.188 +08:00 [INF] Route matched with {action = "Login", controller = "Post"}. Executing controller action with signature System.Threading.Tasks.Task`1[Microsoft.AspNetCore.Mvc.IActionResult] Login(Pan.Domain.Handler.Post.PostRequest) on controller pan.web.Controllers.PostController (pan.web).
2022-02-15 16:42:55.467 +08:00 [INF] ----- 开始事务 "aea09275-2f39-4e90-bb55-5c353e203c85" ()
2022-02-15 16:42:55.885 +08:00 [INF] ----- 提交事务 "aea09275-2f39-4e90-bb55-5c353e203c85" 
2022-02-15 16:42:55.906 +08:00 [INF] Executing JsonResult, writing value of type 'Pan.Domain.Model.Common.ResponseValue`1[[Pan.Domain.Model.Common.PagedResultDto`1[[Pan.Domain.Handler.Post.PostItmes, Pan.Domain, Version=1.0.0.0, Culture=neutral, PublicKeyToken=null]], Pan.Domain, Version=1.0.0.0, Culture=neutral, PublicKeyToken=null]]'.
2022-02-15 16:42:55.933 +08:00 [INF] Executed action pan.web.Controllers.PostController.Login (pan.web) in 732.6263ms
2022-02-15 16:42:55.935 +08:00 [INF] Executed endpoint 'pan.web.Controllers.PostController.Login (pan.web)'
2022-02-15 16:42:55.942 +08:00 [INF] Request finished HTTP/1.1 GET http://localhost:5000/api/Post/Login?Keyword=%E9%BB%91%E4%B8%9D - - - 200 - application/json;+charset=utf-8 812.8294ms
