2022-02-09 10:12:12.793 +08:00 [INF] application start
2022-02-09 10:12:36.538 +08:00 [INF] User profile is available. Using 'C:\Users\admin\AppData\Local\ASP.NET\DataProtection-Keys' as key repository and Windows DPAPI to encrypt keys at rest.
2022-02-09 10:12:42.851 +08:00 [INF] Now listening on: http://[::]:5000
2022-02-09 10:12:42.852 +08:00 [INF] Application started. Press Ctrl+C to shut down.
2022-02-09 10:12:42.854 +08:00 [INF] Hosting environment: Development
2022-02-09 10:12:42.855 +08:00 [INF] Content root path: D:\Hongbo\Code\Pan\pan_\pan\pan.web
2022-02-09 10:13:03.038 +08:00 [INF] Request starting HTTP/1.1 GET http://localhost:5000/api/Post/Login?Keyword=%E5%9C%B0%E5%B9%B3%E7%BA%BF5 - -
2022-02-09 10:13:04.935 +08:00 [INF] Executing endpoint 'pan.web.Controllers.PostController.Login (pan.web)'
2022-02-09 10:13:05.128 +08:00 [INF] Route matched with {action = "Login", controller = "Post"}. Executing controller action with signature System.Threading.Tasks.Task`1[Microsoft.AspNetCore.Mvc.IActionResult] Login(Pan.Domain.Handler.Post.PostRequest) on controller pan.web.Controllers.PostController (pan.web).
2022-02-09 10:13:09.614 +08:00 [INF] ----- 开始事务 "e75a65fc-05d7-4d0d-b568-04e974b8eb82" ()
2022-02-09 10:13:11.987 +08:00 [INF] ----- 提交事务 "e75a65fc-05d7-4d0d-b568-04e974b8eb82" 
2022-02-09 10:13:12.055 +08:00 [INF] Executing JsonResult, writing value of type 'Pan.Domain.Model.Common.ResponseValue`1[[Pan.Domain.Model.Common.PagedResultDto`1[[Pan.Domain.Handler.Post.PostItmes, Pan.Domain, Version=1.0.0.0, Culture=neutral, PublicKeyToken=null]], Pan.Domain, Version=1.0.0.0, Culture=neutral, PublicKeyToken=null]]'.
2022-02-09 10:13:12.797 +08:00 [INF] Executed action pan.web.Controllers.PostController.Login (pan.web) in 7649.566ms
2022-02-09 10:13:12.802 +08:00 [INF] Executed endpoint 'pan.web.Controllers.PostController.Login (pan.web)'
2022-02-09 10:13:12.823 +08:00 [INF] Request finished HTTP/1.1 GET http://localhost:5000/api/Post/Login?Keyword=%E5%9C%B0%E5%B9%B3%E7%BA%BF5 - - - 200 - application/json;+charset=utf-8 9795.5896ms
2022-02-09 10:24:33.459 +08:00 [INF] Request starting HTTP/1.1 GET http://localhost:5000/api/Post/Login?Keyword=%E4%B8%A7%E5%B0%B8%E5%9B%B4%E5%9F%8E4 - -
2022-02-09 10:24:33.511 +08:00 [INF] Executing endpoint 'pan.web.Controllers.PostController.Login (pan.web)'
2022-02-09 10:24:33.513 +08:00 [INF] Route matched with {action = "Login", controller = "Post"}. Executing controller action with signature System.Threading.Tasks.Task`1[Microsoft.AspNetCore.Mvc.IActionResult] Login(Pan.Domain.Handler.Post.PostRequest) on controller pan.web.Controllers.PostController (pan.web).
2022-02-09 10:24:33.707 +08:00 [INF] ----- 开始事务 "8b696108-619d-42c3-a7f1-7f0d1005f614" ()
2022-02-09 10:24:34.331 +08:00 [INF] ----- 提交事务 "8b696108-619d-42c3-a7f1-7f0d1005f614" 
2022-02-09 10:24:34.351 +08:00 [INF] Executing JsonResult, writing value of type 'Pan.Domain.Model.Common.ResponseValue`1[[Pan.Domain.Model.Common.PagedResultDto`1[[Pan.Domain.Handler.Post.PostItmes, Pan.Domain, Version=1.0.0.0, Culture=neutral, PublicKeyToken=null]], Pan.Domain, Version=1.0.0.0, Culture=neutral, PublicKeyToken=null]]'.
2022-02-09 10:24:34.356 +08:00 [INF] Executed action pan.web.Controllers.PostController.Login (pan.web) in 838.0016ms
2022-02-09 10:24:34.358 +08:00 [INF] Executed endpoint 'pan.web.Controllers.PostController.Login (pan.web)'
2022-02-09 10:24:34.359 +08:00 [INF] Request finished HTTP/1.1 GET http://localhost:5000/api/Post/Login?Keyword=%E4%B8%A7%E5%B0%B8%E5%9B%B4%E5%9F%8E4 - - - 200 - application/json;+charset=utf-8 901.5646ms
2022-02-09 10:24:41.475 +08:00 [INF] Request starting HTTP/1.1 GET http://localhost:5000/api/Post/Login?Keyword=%E4%B8%A7%E5%B0%B8%E5%9B%B4%E5%9F%8E - -
2022-02-09 10:24:41.496 +08:00 [INF] Executing endpoint 'pan.web.Controllers.PostController.Login (pan.web)'
2022-02-09 10:24:41.497 +08:00 [INF] Route matched with {action = "Login", controller = "Post"}. Executing controller action with signature System.Threading.Tasks.Task`1[Microsoft.AspNetCore.Mvc.IActionResult] Login(Pan.Domain.Handler.Post.PostRequest) on controller pan.web.Controllers.PostController (pan.web).
2022-02-09 10:24:41.661 +08:00 [INF] ----- 开始事务 "22c2f8db-00f3-481f-a1c5-188c28cae910" ()
2022-02-09 10:24:42.041 +08:00 [INF] ----- 提交事务 "22c2f8db-00f3-481f-a1c5-188c28cae910" 
2022-02-09 10:24:42.055 +08:00 [INF] Executing JsonResult, writing value of type 'Pan.Domain.Model.Common.ResponseValue`1[[Pan.Domain.Model.Common.PagedResultDto`1[[Pan.Domain.Handler.Post.PostItmes, Pan.Domain, Version=1.0.0.0, Culture=neutral, PublicKeyToken=null]], Pan.Domain, Version=1.0.0.0, Culture=neutral, PublicKeyToken=null]]'.
2022-02-09 10:24:42.059 +08:00 [INF] Executed action pan.web.Controllers.PostController.Login (pan.web) in 549.7307ms
2022-02-09 10:24:42.061 +08:00 [INF] Executed endpoint 'pan.web.Controllers.PostController.Login (pan.web)'
2022-02-09 10:24:42.063 +08:00 [INF] Request finished HTTP/1.1 GET http://localhost:5000/api/Post/Login?Keyword=%E4%B8%A7%E5%B0%B8%E5%9B%B4%E5%9F%8E - - - 200 - application/json;+charset=utf-8 588.6947ms
2022-02-09 10:27:44.875 +08:00 [INF] Request starting HTTP/1.1 GET http://localhost:5000/api/Post/Login?Keyword=%E4%B8%A7%E5%B0%B8 - -
2022-02-09 10:27:44.911 +08:00 [INF] Executing endpoint 'pan.web.Controllers.PostController.Login (pan.web)'
2022-02-09 10:27:44.913 +08:00 [INF] Route matched with {action = "Login", controller = "Post"}. Executing controller action with signature System.Threading.Tasks.Task`1[Microsoft.AspNetCore.Mvc.IActionResult] Login(Pan.Domain.Handler.Post.PostRequest) on controller pan.web.Controllers.PostController (pan.web).
2022-02-09 10:27:44.990 +08:00 [INF] ----- 开始事务 "3eec235b-ef9d-45ec-91ab-4e1734550ddb" ()
2022-02-09 10:27:45.360 +08:00 [INF] ----- 提交事务 "3eec235b-ef9d-45ec-91ab-4e1734550ddb" 
2022-02-09 10:27:45.377 +08:00 [INF] Executing JsonResult, writing value of type 'Pan.Domain.Model.Common.ResponseValue`1[[Pan.Domain.Model.Common.PagedResultDto`1[[Pan.Domain.Handler.Post.PostItmes, Pan.Domain, Version=1.0.0.0, Culture=neutral, PublicKeyToken=null]], Pan.Domain, Version=1.0.0.0, Culture=neutral, PublicKeyToken=null]]'.
2022-02-09 10:27:45.387 +08:00 [INF] Executed action pan.web.Controllers.PostController.Login (pan.web) in 468.6984ms
2022-02-09 10:27:45.391 +08:00 [INF] Executed endpoint 'pan.web.Controllers.PostController.Login (pan.web)'
2022-02-09 10:27:45.400 +08:00 [INF] Request finished HTTP/1.1 GET http://localhost:5000/api/Post/Login?Keyword=%E4%B8%A7%E5%B0%B8 - - - 200 - application/json;+charset=utf-8 524.9522ms
2022-02-09 11:37:50.843 +08:00 [INF] Request starting HTTP/1.1 GET http://localhost:5000/api/Post/Login?Keyword=%E5%9C%B0%E5%B9%B3%E7%BA%BF - -
2022-02-09 11:37:50.859 +08:00 [INF] Executing endpoint 'pan.web.Controllers.PostController.Login (pan.web)'
2022-02-09 11:37:50.862 +08:00 [INF] Route matched with {action = "Login", controller = "Post"}. Executing controller action with signature System.Threading.Tasks.Task`1[Microsoft.AspNetCore.Mvc.IActionResult] Login(Pan.Domain.Handler.Post.PostRequest) on controller pan.web.Controllers.PostController (pan.web).
2022-02-09 11:37:51.133 +08:00 [INF] ----- 开始事务 "9050653e-3468-4a1b-9363-ee4d90f8a221" ()
2022-02-09 11:37:51.633 +08:00 [INF] ----- 提交事务 "9050653e-3468-4a1b-9363-ee4d90f8a221" 
2022-02-09 11:37:51.650 +08:00 [INF] Executing JsonResult, writing value of type 'Pan.Domain.Model.Common.ResponseValue`1[[Pan.Domain.Model.Common.PagedResultDto`1[[Pan.Domain.Handler.Post.PostItmes, Pan.Domain, Version=1.0.0.0, Culture=neutral, PublicKeyToken=null]], Pan.Domain, Version=1.0.0.0, Culture=neutral, PublicKeyToken=null]]'.
2022-02-09 11:37:51.684 +08:00 [INF] Executed action pan.web.Controllers.PostController.Login (pan.web) in 807.9381ms
2022-02-09 11:37:51.686 +08:00 [INF] Executed endpoint 'pan.web.Controllers.PostController.Login (pan.web)'
2022-02-09 11:37:51.688 +08:00 [INF] Request finished HTTP/1.1 GET http://localhost:5000/api/Post/Login?Keyword=%E5%9C%B0%E5%B9%B3%E7%BA%BF - - - 200 - application/json;+charset=utf-8 850.1813ms
2022-02-09 14:24:48.559 +08:00 [INF] Request starting HTTP/1.1 GET http://localhost:5000/ - -
2022-02-09 14:24:48.882 +08:00 [INF] Request finished HTTP/1.1 GET http://localhost:5000/ - - - 404 0 - 330.7645ms
2022-02-09 14:24:53.550 +08:00 [INF] Request starting HTTP/1.1 GET http://localhost:5000/user - -
2022-02-09 14:24:53.591 +08:00 [INF] Request finished HTTP/1.1 GET http://localhost:5000/user - - - 404 0 - 40.6552ms
2022-02-09 14:24:58.454 +08:00 [INF] Request starting HTTP/1.1 GET http://localhost:5000/v1/user - -
2022-02-09 14:24:58.480 +08:00 [INF] Request finished HTTP/1.1 GET http://localhost:5000/v1/user - - - 404 0 - 26.2120ms
2022-02-09 14:25:19.577 +08:00 [INF] Request starting HTTP/1.1 GET http://localhost:5000/v1/user - -
2022-02-09 14:25:19.809 +08:00 [INF] Request finished HTTP/1.1 GET http://localhost:5000/v1/user - - - 404 0 - 231.8278ms
2022-02-09 16:47:19.777 +08:00 [INF] Request starting HTTP/1.1 GET http://localhost:5000/api/Post/Login?Keyword=%E7%94%B5%E5%BD%B1 - -
2022-02-09 16:47:20.002 +08:00 [INF] Executing endpoint 'pan.web.Controllers.PostController.Login (pan.web)'
2022-02-09 16:47:20.071 +08:00 [INF] Route matched with {action = "Login", controller = "Post"}. Executing controller action with signature System.Threading.Tasks.Task`1[Microsoft.AspNetCore.Mvc.IActionResult] Login(Pan.Domain.Handler.Post.PostRequest) on controller pan.web.Controllers.PostController (pan.web).
2022-02-09 16:47:21.115 +08:00 [INF] ----- 开始事务 "ff0a9541-bc88-44a2-87af-8d13bea81993" ()
2022-02-09 16:47:21.639 +08:00 [INF] ----- 提交事务 "ff0a9541-bc88-44a2-87af-8d13bea81993" 
2022-02-09 16:47:21.655 +08:00 [INF] Executing JsonResult, writing value of type 'Pan.Domain.Model.Common.ResponseValue`1[[Pan.Domain.Model.Common.PagedResultDto`1[[Pan.Domain.Handler.Post.PostItmes, Pan.Domain, Version=1.0.0.0, Culture=neutral, PublicKeyToken=null]], Pan.Domain, Version=1.0.0.0, Culture=neutral, PublicKeyToken=null]]'.
2022-02-09 16:47:21.756 +08:00 [INF] Executed action pan.web.Controllers.PostController.Login (pan.web) in 1673.1206ms
2022-02-09 16:47:21.758 +08:00 [INF] Executed endpoint 'pan.web.Controllers.PostController.Login (pan.web)'
2022-02-09 16:47:21.759 +08:00 [INF] Request finished HTTP/1.1 GET http://localhost:5000/api/Post/Login?Keyword=%E7%94%B5%E5%BD%B1 - - - 200 - application/json;+charset=utf-8 1986.6018ms
