2022-01-07 16:57:50.334 +08:00 [INF] application start
2022-01-07 16:58:11.602 +08:00 [INF] User profile is available. Using 'C:\Users\admin\AppData\Local\ASP.NET\DataProtection-Keys' as key repository and Windows DPAPI to encrypt keys at rest.
2022-01-07 16:58:18.971 +08:00 [INF] Now listening on: http://[::]:5000
2022-01-07 16:58:18.975 +08:00 [INF] Application started. Press Ctrl+C to shut down.
2022-01-07 16:58:18.981 +08:00 [INF] Hosting environment: Development
2022-01-07 16:58:18.983 +08:00 [INF] Content root path: D:\Hongbo\Code\Pan\pan_\pan\pan.web
2022-01-07 17:01:05.662 +08:00 [INF] Request starting HTTP/1.1 GET http://localhost:5000/swagger/index.html - -
2022-01-07 17:01:06.935 +08:00 [INF] Request finished HTTP/1.1 GET http://localhost:5000/swagger/index.html - - - 200 - text/html;charset=utf-8 1315.4561ms
2022-01-07 17:01:06.970 +08:00 [INF] Request starting HTTP/1.1 GET http://localhost:5000/swagger/swagger-ui-bundle.js - -
2022-01-07 17:01:07.050 +08:00 [INF] Request starting HTTP/1.1 GET http://localhost:5000/swagger/swagger-ui-standalone-preset.js - -
2022-01-07 17:01:07.181 +08:00 [INF] Request starting HTTP/1.1 GET http://localhost:5000/swagger/swagger-ui.css - -
2022-01-07 17:01:07.278 +08:00 [INF] The file /swagger-ui-bundle.js was not modified
2022-01-07 17:01:07.279 +08:00 [INF] The file /swagger-ui-standalone-preset.js was not modified
2022-01-07 17:01:07.283 +08:00 [INF] The file /swagger-ui.css was not modified
2022-01-07 17:01:07.285 +08:00 [INF] Request finished HTTP/1.1 GET http://localhost:5000/swagger/swagger-ui-bundle.js - - - 304 - application/javascript 314.8615ms
2022-01-07 17:01:07.285 +08:00 [INF] Request finished HTTP/1.1 GET http://localhost:5000/swagger/swagger-ui-standalone-preset.js - - - 304 - application/javascript 235.2614ms
2022-01-07 17:01:07.292 +08:00 [INF] Request finished HTTP/1.1 GET http://localhost:5000/swagger/swagger-ui.css - - - 304 - text/css 109.7901ms
2022-01-07 17:01:08.744 +08:00 [INF] Request starting HTTP/1.1 GET http://localhost:5000/swagger/v1/swagger.json - -
2022-01-07 17:01:08.786 +08:00 [INF] Request starting HTTP/1.1 GET http://localhost:5000/swagger/favicon-32x32.png - -
2022-01-07 17:01:08.788 +08:00 [INF] The file /favicon-32x32.png was not modified
2022-01-07 17:01:08.790 +08:00 [INF] Request finished HTTP/1.1 GET http://localhost:5000/swagger/favicon-32x32.png - - - 304 - image/png 3.2152ms
2022-01-07 17:01:10.509 +08:00 [INF] Request finished HTTP/1.1 GET http://localhost:5000/swagger/v1/swagger.json - - - 200 - application/json;charset=utf-8 1765.0788ms
2022-01-07 17:01:30.473 +08:00 [INF] Request starting HTTP/1.1 GET http://localhost:5000/api/Post/Login?Keyword=%E5%91%BC%E5%95%B8%E5%B1%B1%E5%BA%84&SkipCount=1&MaxResultCount=10 - -
2022-01-07 17:01:31.853 +08:00 [INF] Executing endpoint 'pan.web.Controllers.PostController.Login (pan.web)'
2022-01-07 17:01:32.017 +08:00 [INF] Route matched with {action = "Login", controller = "Post"}. Executing controller action with signature System.Threading.Tasks.Task`1[Microsoft.AspNetCore.Mvc.IActionResult] Login(Pan.Domain.Handler.Post.PostRequest) on controller pan.web.Controllers.PostController (pan.web).
2022-01-07 17:01:35.857 +08:00 [INF] ----- 开始事务 "83bfdf62-9183-4845-866c-fd244d08aaf4" ()
2022-01-07 17:01:38.907 +08:00 [INF] ----- 提交事务 "83bfdf62-9183-4845-866c-fd244d08aaf4" 
2022-01-07 17:01:39.019 +08:00 [INF] Executing JsonResult, writing value of type 'Pan.Domain.Model.Common.ResponseValue`1[[Pan.Domain.Model.Common.PagedResultDto`1[[Pan.Domain.Handler.Post.PostItmes, Pan.Domain, Version=1.0.0.0, Culture=neutral, PublicKeyToken=null]], Pan.Domain, Version=1.0.0.0, Culture=neutral, PublicKeyToken=null]]'.
2022-01-07 17:01:39.260 +08:00 [INF] Executed action pan.web.Controllers.PostController.Login (pan.web) in 7226.0993ms
2022-01-07 17:01:39.267 +08:00 [INF] Executed endpoint 'pan.web.Controllers.PostController.Login (pan.web)'
2022-01-07 17:01:39.282 +08:00 [INF] Request finished HTTP/1.1 GET http://localhost:5000/api/Post/Login?Keyword=%E5%91%BC%E5%95%B8%E5%B1%B1%E5%BA%84&SkipCount=1&MaxResultCount=10 - - - 200 - application/json;+charset=utf-8 8808.4635ms
