2022-02-16 09:04:05.293 +08:00 [INF] application start
2022-02-16 09:04:22.501 +08:00 [INF] User profile is available. Using 'C:\Users\admin\AppData\Local\ASP.NET\DataProtection-Keys' as key repository and Windows DPAPI to encrypt keys at rest.
2022-02-16 09:04:27.306 +08:00 [INF] Now listening on: http://[::]:5000
2022-02-16 09:04:27.334 +08:00 [INF] Application started. Press Ctrl+C to shut down.
2022-02-16 09:04:27.335 +08:00 [INF] Hosting environment: Development
2022-02-16 09:04:27.337 +08:00 [INF] Content root path: D:\Hongbo\Code\Pan\pan_\pan\pan.web
2022-02-16 10:05:46.509 +08:00 [INF] Request starting HTTP/1.1 GET http://localhost:5000/api/Post/Login?Keyword=%E4%B8%9D - -
2022-02-16 10:05:48.520 +08:00 [INF] Request finished HTTP/1.1 GET http://localhost:5000/api/Post/Login?Keyword=%E4%B8%9D - - - 404 0 - 2016.8587ms
2022-02-16 10:05:57.787 +08:00 [INF] Request starting HTTP/1.1 GET http://localhost:5000/swagger/index.html - -
2022-02-16 10:05:58.096 +08:00 [INF] Request finished HTTP/1.1 GET http://localhost:5000/swagger/index.html - - - 200 - text/html;charset=utf-8 309.0743ms
2022-02-16 10:05:58.193 +08:00 [INF] Request starting HTTP/1.1 GET http://localhost:5000/swagger/swagger-ui.css - -
2022-02-16 10:05:58.193 +08:00 [INF] Request starting HTTP/1.1 GET http://localhost:5000/swagger/swagger-ui-standalone-preset.js - -
2022-02-16 10:05:58.193 +08:00 [INF] Request starting HTTP/1.1 GET http://localhost:5000/swagger/swagger-ui-bundle.js - -
2022-02-16 10:05:58.531 +08:00 [INF] Sending file. Request path: '/swagger-ui.css'. Physical path: 'N/A'
2022-02-16 10:05:58.553 +08:00 [INF] Sending file. Request path: '/swagger-ui-standalone-preset.js'. Physical path: 'N/A'
2022-02-16 10:05:58.555 +08:00 [INF] Request finished HTTP/1.1 GET http://localhost:5000/swagger/swagger-ui.css - - - 200 143632 text/css 362.4207ms
2022-02-16 10:05:58.555 +08:00 [INF] Request finished HTTP/1.1 GET http://localhost:5000/swagger/swagger-ui-standalone-preset.js - - - 200 337162 application/javascript 362.4620ms
2022-02-16 10:05:58.685 +08:00 [INF] Sending file. Request path: '/swagger-ui-bundle.js'. Physical path: 'N/A'
2022-02-16 10:05:58.688 +08:00 [INF] Request finished HTTP/1.1 GET http://localhost:5000/swagger/swagger-ui-bundle.js - - - 200 1092889 application/javascript 495.1000ms
2022-02-16 10:05:59.056 +08:00 [INF] Request starting HTTP/1.1 GET http://localhost:5000/swagger/v1/swagger.json - -
2022-02-16 10:05:59.057 +08:00 [INF] Request starting HTTP/1.1 GET http://localhost:5000/swagger/favicon-32x32.png - -
2022-02-16 10:05:59.060 +08:00 [INF] Sending file. Request path: '/favicon-32x32.png'. Physical path: 'N/A'
2022-02-16 10:05:59.062 +08:00 [INF] Request finished HTTP/1.1 GET http://localhost:5000/swagger/favicon-32x32.png - - - 200 628 image/png 5.8948ms
2022-02-16 10:06:00.290 +08:00 [INF] Request finished HTTP/1.1 GET http://localhost:5000/swagger/v1/swagger.json - - - 200 - application/json;charset=utf-8 1234.0452ms
2022-02-16 10:06:07.981 +08:00 [INF] Request starting HTTP/1.1 GET http://localhost:5000/api/Post/GetAll?Keyword=%E4%B8%9D - -
2022-02-16 10:06:07.997 +08:00 [INF] Executing endpoint 'pan.web.Controllers.PostController.GetAll (pan.web)'
2022-02-16 10:06:08.096 +08:00 [INF] Route matched with {action = "GetAll", controller = "Post"}. Executing controller action with signature System.Threading.Tasks.Task`1[Microsoft.AspNetCore.Mvc.IActionResult] GetAll(Pan.Domain.Handler.Post.PostRequest) on controller pan.web.Controllers.PostController (pan.web).
2022-02-16 10:06:12.087 +08:00 [INF] ----- 开始事务 "8ac19976-2ccb-422e-af69-db43192b1f4e" ()
2022-02-16 10:06:14.373 +08:00 [INF] ----- 提交事务 "8ac19976-2ccb-422e-af69-db43192b1f4e" 
2022-02-16 10:06:14.481 +08:00 [INF] Executing JsonResult, writing value of type 'Pan.Domain.Model.Common.ResponseValue`1[[Pan.Domain.Model.Common.PagedResultDto`1[[Pan.Domain.Handler.Post.PostItmes, Pan.Domain, Version=1.0.0.0, Culture=neutral, PublicKeyToken=null]], Pan.Domain, Version=1.0.0.0, Culture=neutral, PublicKeyToken=null]]'.
2022-02-16 10:06:14.879 +08:00 [INF] Executed action pan.web.Controllers.PostController.GetAll (pan.web) in 6768.5219ms
2022-02-16 10:06:14.883 +08:00 [INF] Executed endpoint 'pan.web.Controllers.PostController.GetAll (pan.web)'
2022-02-16 10:06:14.894 +08:00 [INF] Request finished HTTP/1.1 GET http://localhost:5000/api/Post/GetAll?Keyword=%E4%B8%9D - - - 200 - application/json;+charset=utf-8 6913.5924ms
2022-02-16 16:54:37.392 +08:00 [INF] Request starting HTTP/1.1 GET http://localhost:5000/swagger/v1/swagger.json - -
2022-02-16 16:54:38.422 +08:00 [INF] Request finished HTTP/1.1 GET http://localhost:5000/swagger/v1/swagger.json - - - 200 - application/json;charset=utf-8 1132.9474ms
2022-02-16 16:54:45.719 +08:00 [INF] Request starting HTTP/1.1 GET http://localhost:5000/api/Post/GetAll?Keyword=%E8%89%B2%E6%88%92 - -
2022-02-16 16:54:46.132 +08:00 [INF] Executing endpoint 'pan.web.Controllers.PostController.GetAll (pan.web)'
2022-02-16 16:54:46.226 +08:00 [INF] Route matched with {action = "GetAll", controller = "Post"}. Executing controller action with signature System.Threading.Tasks.Task`1[Microsoft.AspNetCore.Mvc.IActionResult] GetAll(Pan.Domain.Handler.Post.PostRequest) on controller pan.web.Controllers.PostController (pan.web).
2022-02-16 16:54:47.390 +08:00 [INF] ----- 开始事务 "e6229c16-d2ce-4ee2-a513-c15bc5b96be1" ()
2022-02-16 16:54:48.364 +08:00 [INF] ----- 提交事务 "e6229c16-d2ce-4ee2-a513-c15bc5b96be1" 
2022-02-16 16:54:48.384 +08:00 [INF] Executing JsonResult, writing value of type 'Pan.Domain.Model.Common.ResponseValue`1[[Pan.Domain.Model.Common.PagedResultDto`1[[Pan.Domain.Handler.Post.PostItmes, Pan.Domain, Version=1.0.0.0, Culture=neutral, PublicKeyToken=null]], Pan.Domain, Version=1.0.0.0, Culture=neutral, PublicKeyToken=null]]'.
2022-02-16 16:54:48.568 +08:00 [INF] Executed action pan.web.Controllers.PostController.GetAll (pan.web) in 2339.4341ms
2022-02-16 16:54:48.571 +08:00 [INF] Executed endpoint 'pan.web.Controllers.PostController.GetAll (pan.web)'
2022-02-16 16:54:48.575 +08:00 [INF] Request finished HTTP/1.1 GET http://localhost:5000/api/Post/GetAll?Keyword=%E8%89%B2%E6%88%92 - - - 200 - application/json;+charset=utf-8 2856.5372ms
2022-02-16 18:30:55.134 +08:00 [INF] Request starting HTTP/1.1 GET http://localhost:5000/api/Post/GetAll?Keyword=%E8%89%B2%E6%88%92 - -
2022-02-16 18:30:55.167 +08:00 [INF] Executing endpoint 'pan.web.Controllers.PostController.GetAll (pan.web)'
2022-02-16 18:30:55.170 +08:00 [INF] Route matched with {action = "GetAll", controller = "Post"}. Executing controller action with signature System.Threading.Tasks.Task`1[Microsoft.AspNetCore.Mvc.IActionResult] GetAll(Pan.Domain.Handler.Post.PostRequest) on controller pan.web.Controllers.PostController (pan.web).
2022-02-16 18:30:55.769 +08:00 [INF] ----- 开始事务 "7cc412a7-09e8-46ec-97e1-4b08d112e0da" ()
2022-02-16 18:30:56.591 +08:00 [INF] ----- 提交事务 "7cc412a7-09e8-46ec-97e1-4b08d112e0da" 
2022-02-16 18:30:56.605 +08:00 [INF] Executing JsonResult, writing value of type 'Pan.Domain.Model.Common.ResponseValue`1[[Pan.Domain.Model.Common.PagedResultDto`1[[Pan.Domain.Handler.Post.PostItmes, Pan.Domain, Version=1.0.0.0, Culture=neutral, PublicKeyToken=null]], Pan.Domain, Version=1.0.0.0, Culture=neutral, PublicKeyToken=null]]'.
2022-02-16 18:30:56.815 +08:00 [INF] Executed action pan.web.Controllers.PostController.GetAll (pan.web) in 1638.903ms
2022-02-16 18:30:56.822 +08:00 [INF] Executed endpoint 'pan.web.Controllers.PostController.GetAll (pan.web)'
2022-02-16 18:30:56.824 +08:00 [INF] Request finished HTTP/1.1 GET http://localhost:5000/api/Post/GetAll?Keyword=%E8%89%B2%E6%88%92 - - - 200 - application/json;+charset=utf-8 1691.8248ms
